This is pdfTeX, Version 3.14159265-2.6-1.40.16 (TeX Live 2015) (preloaded format=pdftex 2016.2.4)  3 JUL 2016 16:09
entering extended mode
 restricted \write18 enabled.
 %&-line parsing enabled.
**Presentations/Reproducible_research/RR_practical.tex
(./Presentations/Reproducible_research/RR_practical.tex
! Undefined control sequence.
l.5 \documentclass
                  {beamer}
? H
The control sequence at the end of the top line
of your error message was never \def'ed. If you have
misspelled it (e.g., `\hobx'), type `I' and the correct
spelling (e.g., `I\hbox'). Otherwise just continue,
and I'll forget about whatever was undefined.

? X
No pages of output.
PDF statistics:
 0 PDF objects out of 1000 (max. 8388607)
 0 named destinations out of 1000 (max. 500000)
 1 words of extra memory for PDF output out of 10000 (max. 10000000)

