This is pdfTeX, Version 3.14159265-2.6-1.40.16 (TeX Live 2015) (preloaded format=pdflatex 2016.2.4)  5 JUL 2016 15:29
entering extended mode
 restricted \write18 enabled.
 file:line:error style messages enabled.
 %&-line parsing enabled.
**Rbasic_Day1.tex
(./Rbasic_Day1.tex
LaTeX2e <2015/01/01>
Babel <3.9l> and hyphenation patterns for 79 languages loaded.
(/usr/local/texlive/2015/texmf-dist/tex/latex/beamer/beamer.cls
(/usr/local/texlive/2015/texmf-dist/tex/latex/beamer/beamerbasercs.sty
Package: beamerbasercs 2015/03/08 (rcs-revision 368aa9ba9d38)
)
Document Class: beamer 2015/01/05 3.36 A class for typesetting presentations (r
cs-revision 8a39122e1f63)
(/usr/local/texlive/2015/texmf-dist/tex/latex/beamer/beamerbasemodes.sty
Package: beamerbasemodes 2013/09/03 (rcs-revision 768f2d98ca64)
\beamer@tempbox=\box26
\beamer@tempcount=\count79
\c@beamerpauses=\count80

(/usr/local/texlive/2015/texmf-dist/tex/latex/beamer/beamerbasedecode.sty
Package: beamerbasedecode 2010/05/01 (rcs-revision efa082c6111d)
\beamer@slideinframe=\count81
\beamer@minimum=\count82
)
\beamer@commentbox=\box27
\beamer@modecount=\count83
)
(/usr/local/texlive/2015/texmf-dist/tex/generic/oberdiek/ifpdf.sty
Package: ifpdf 2011/01/30 v2.3 Provides the ifpdf switch (HO)
Package ifpdf Info: pdfTeX in PDF mode is detected.
)
\headheight=\dimen102
\headdp=\dimen103
\footheight=\dimen104
\sidebarheight=\dimen105
\beamer@tempdim=\dimen106
\beamer@finalheight=\dimen107
\beamer@animht=\dimen108
\beamer@animdp=\dimen109
\beamer@animwd=\dimen110
\beamer@leftmargin=\dimen111
\beamer@rightmargin=\dimen112
\beamer@leftsidebar=\dimen113
\beamer@rightsidebar=\dimen114
\beamer@boxsize=\dimen115
\beamer@vboxoffset=\dimen116
\beamer@descdefault=\dimen117
\beamer@descriptionwidth=\dimen118
\beamer@lastskip=\skip41
\beamer@areabox=\box28
\beamer@animcurrent=\box29
\beamer@animshowbox=\box30
\beamer@sectionbox=\box31
\beamer@logobox=\box32
\beamer@linebox=\box33
\beamer@sectioncount=\count84
\beamer@subsubsectionmax=\count85
\beamer@subsectionmax=\count86
\beamer@sectionmax=\count87
\beamer@totalheads=\count88
\beamer@headcounter=\count89
\beamer@partstartpage=\count90
\beamer@sectionstartpage=\count91
\beamer@subsectionstartpage=\count92
\beamer@animationtempa=\count93
\beamer@animationtempb=\count94
\beamer@xpos=\count95
\beamer@ypos=\count96
\beamer@showpartnumber=\count97
\beamer@currentsubsection=\count98
\beamer@coveringdepth=\count99
\beamer@sectionadjust=\count100
\beamer@tocsectionnumber=\count101

(/usr/local/texlive/2015/texmf-dist/tex/latex/beamer/beamerbaseoptions.sty
Package: beamerbaseoptions 2013/03/10 (rcs-revision 47431932db0d)

(/usr/local/texlive/2015/texmf-dist/tex/latex/graphics/keyval.sty
Package: keyval 2014/10/28 v1.15 key=value parser (DPC)
\KV@toks@=\toks14
))
\beamer@paperwidth=\skip42
\beamer@paperheight=\skip43

(/usr/local/texlive/2015/texmf-dist/tex/latex/geometry/geometry.sty
Package: geometry 2010/09/12 v5.6 Page Geometry

(/usr/local/texlive/2015/texmf-dist/tex/generic/oberdiek/ifvtex.sty
Package: ifvtex 2010/03/01 v1.5 Detect VTeX and its facilities (HO)
Package ifvtex Info: VTeX not detected.
)
(/usr/local/texlive/2015/texmf-dist/tex/generic/ifxetex/ifxetex.sty
Package: ifxetex 2010/09/12 v0.6 Provides ifxetex conditional
)
\Gm@cnth=\count102
\Gm@cntv=\count103
\c@Gm@tempcnt=\count104
\Gm@bindingoffset=\dimen119
\Gm@wd@mp=\dimen120
\Gm@odd@mp=\dimen121
\Gm@even@mp=\dimen122
\Gm@layoutwidth=\dimen123
\Gm@layoutheight=\dimen124
\Gm@layouthoffset=\dimen125
\Gm@layoutvoffset=\dimen126
\Gm@dimlist=\toks15
)
(/usr/local/texlive/2015/texmf-dist/tex/latex/base/size11.clo
File: size11.clo 2014/09/29 v1.4h Standard LaTeX file (size option)
)
(/usr/local/texlive/2015/texmf-dist/tex/latex/pgf/basiclayer/pgfcore.sty
(/usr/local/texlive/2015/texmf-dist/tex/latex/graphics/graphicx.sty
Package: graphicx 2014/10/28 v1.0g Enhanced LaTeX Graphics (DPC,SPQR)

(/usr/local/texlive/2015/texmf-dist/tex/latex/graphics/graphics.sty
Package: graphics 2014/10/28 v1.0p Standard LaTeX Graphics (DPC,SPQR)

(/usr/local/texlive/2015/texmf-dist/tex/latex/graphics/trig.sty
Package: trig 1999/03/16 v1.09 sin cos tan (DPC)
)
(/usr/local/texlive/2015/texmf-dist/tex/latex/latexconfig/graphics.cfg
File: graphics.cfg 2010/04/23 v1.9 graphics configuration of TeX Live
)
Package graphics Info: Driver file: pdftex.def on input line 94.

(/usr/local/texlive/2015/texmf-dist/tex/latex/pdftex-def/pdftex.def
File: pdftex.def 2011/05/27 v0.06d Graphics/color for pdfTeX

(/usr/local/texlive/2015/texmf-dist/tex/generic/oberdiek/infwarerr.sty
Package: infwarerr 2010/04/08 v1.3 Providing info/warning/error messages (HO)
)
(/usr/local/texlive/2015/texmf-dist/tex/generic/oberdiek/ltxcmds.sty
Package: ltxcmds 2011/11/09 v1.22 LaTeX kernel commands for general use (HO)
)
\Gread@gobject=\count105
))
\Gin@req@height=\dimen127
\Gin@req@width=\dimen128
)
(/usr/local/texlive/2015/texmf-dist/tex/latex/pgf/systemlayer/pgfsys.sty
(/usr/local/texlive/2015/texmf-dist/tex/latex/pgf/utilities/pgfrcs.sty
(/usr/local/texlive/2015/texmf-dist/tex/generic/pgf/utilities/pgfutil-common.te
x
\pgfutil@everybye=\toks16
\pgfutil@tempdima=\dimen129
\pgfutil@tempdimb=\dimen130

(/usr/local/texlive/2015/texmf-dist/tex/generic/pgf/utilities/pgfutil-common-li
sts.tex))
(/usr/local/texlive/2015/texmf-dist/tex/generic/pgf/utilities/pgfutil-latex.def
\pgfutil@abb=\box34
(/usr/local/texlive/2015/texmf-dist/tex/latex/ms/everyshi.sty
Package: everyshi 2001/05/15 v3.00 EveryShipout Package (MS)
))
(/usr/local/texlive/2015/texmf-dist/tex/generic/pgf/utilities/pgfrcs.code.tex
Package: pgfrcs 2013/12/20 v3.0.0 (rcs-revision 1.28)
))
(/usr/local/texlive/2015/texmf-dist/tex/generic/pgf/systemlayer/pgfsys.code.tex
Package: pgfsys 2013/11/30 v3.0.0 (rcs-revision 1.47)
(/usr/local/texlive/2015/texmf-dist/tex/generic/pgf/utilities/pgfkeys.code.tex
\pgfkeys@pathtoks=\toks17
\pgfkeys@temptoks=\toks18

(/usr/local/texlive/2015/texmf-dist/tex/generic/pgf/utilities/pgfkeysfiltered.c
ode.tex
\pgfkeys@tmptoks=\toks19
))
\pgf@x=\dimen131
\pgf@y=\dimen132
\pgf@xa=\dimen133
\pgf@ya=\dimen134
\pgf@xb=\dimen135
\pgf@yb=\dimen136
\pgf@xc=\dimen137
\pgf@yc=\dimen138
\w@pgf@writea=\write3
\r@pgf@reada=\read1
\c@pgf@counta=\count106
\c@pgf@countb=\count107
\c@pgf@countc=\count108
\c@pgf@countd=\count109
\t@pgf@toka=\toks20
\t@pgf@tokb=\toks21
\t@pgf@tokc=\toks22

(/usr/local/texlive/2015/texmf-dist/tex/generic/pgf/systemlayer/pgf.cfg
File: pgf.cfg 2008/05/14  (rcs-revision 1.7)
)
Driver file for pgf: pgfsys-pdftex.def

(/usr/local/texlive/2015/texmf-dist/tex/generic/pgf/systemlayer/pgfsys-pdftex.d
ef
File: pgfsys-pdftex.def 2013/07/18  (rcs-revision 1.33)

(/usr/local/texlive/2015/texmf-dist/tex/generic/pgf/systemlayer/pgfsys-common-p
df.def
File: pgfsys-common-pdf.def 2013/10/10  (rcs-revision 1.13)
)))
(/usr/local/texlive/2015/texmf-dist/tex/generic/pgf/systemlayer/pgfsyssoftpath.
code.tex
File: pgfsyssoftpath.code.tex 2013/09/09  (rcs-revision 1.9)
\pgfsyssoftpath@smallbuffer@items=\count110
\pgfsyssoftpath@bigbuffer@items=\count111
)
(/usr/local/texlive/2015/texmf-dist/tex/generic/pgf/systemlayer/pgfsysprotocol.
code.tex
File: pgfsysprotocol.code.tex 2006/10/16  (rcs-revision 1.4)
)) (/usr/local/texlive/2015/texmf-dist/tex/latex/xcolor/xcolor.sty
Package: xcolor 2007/01/21 v2.11 LaTeX color extensions (UK)

(/usr/local/texlive/2015/texmf-dist/tex/latex/latexconfig/color.cfg
File: color.cfg 2007/01/18 v1.5 color configuration of teTeX/TeXLive
)
Package xcolor Info: Driver file: pdftex.def on input line 225.
Package xcolor Info: Model `cmy' substituted by `cmy0' on input line 1337.
Package xcolor Info: Model `hsb' substituted by `rgb' on input line 1341.
Package xcolor Info: Model `RGB' extended on input line 1353.
Package xcolor Info: Model `HTML' substituted by `rgb' on input line 1355.
Package xcolor Info: Model `Hsb' substituted by `hsb' on input line 1356.
Package xcolor Info: Model `tHsb' substituted by `hsb' on input line 1357.
Package xcolor Info: Model `HSB' substituted by `hsb' on input line 1358.
Package xcolor Info: Model `Gray' substituted by `gray' on input line 1359.
Package xcolor Info: Model `wave' substituted by `hsb' on input line 1360.
)
(/usr/local/texlive/2015/texmf-dist/tex/generic/pgf/basiclayer/pgfcore.code.tex
Package: pgfcore 2010/04/11 v3.0.0 (rcs-revision 1.7)
(/usr/local/texlive/2015/texmf-dist/tex/generic/pgf/math/pgfmath.code.tex
(/usr/local/texlive/2015/texmf-dist/tex/generic/pgf/math/pgfmathcalc.code.tex
(/usr/local/texlive/2015/texmf-dist/tex/generic/pgf/math/pgfmathutil.code.tex)
(/usr/local/texlive/2015/texmf-dist/tex/generic/pgf/math/pgfmathparser.code.tex
\pgfmath@dimen=\dimen139
\pgfmath@count=\count112
\pgfmath@box=\box35
\pgfmath@toks=\toks23
\pgfmath@stack@operand=\toks24
\pgfmath@stack@operation=\toks25
)
(/usr/local/texlive/2015/texmf-dist/tex/generic/pgf/math/pgfmathfunctions.code.
tex
(/usr/local/texlive/2015/texmf-dist/tex/generic/pgf/math/pgfmathfunctions.basic
.code.tex)
(/usr/local/texlive/2015/texmf-dist/tex/generic/pgf/math/pgfmathfunctions.trigo
nometric.code.tex)
(/usr/local/texlive/2015/texmf-dist/tex/generic/pgf/math/pgfmathfunctions.rando
m.code.tex)
(/usr/local/texlive/2015/texmf-dist/tex/generic/pgf/math/pgfmathfunctions.compa
rison.code.tex)
(/usr/local/texlive/2015/texmf-dist/tex/generic/pgf/math/pgfmathfunctions.base.
code.tex)
(/usr/local/texlive/2015/texmf-dist/tex/generic/pgf/math/pgfmathfunctions.round
.code.tex)
(/usr/local/texlive/2015/texmf-dist/tex/generic/pgf/math/pgfmathfunctions.misc.
code.tex)
(/usr/local/texlive/2015/texmf-dist/tex/generic/pgf/math/pgfmathfunctions.integ
erarithmetics.code.tex)))
(/usr/local/texlive/2015/texmf-dist/tex/generic/pgf/math/pgfmathfloat.code.tex
\c@pgfmathroundto@lastzeros=\count113
))
(/usr/local/texlive/2015/texmf-dist/tex/generic/pgf/basiclayer/pgfcorepoints.co
de.tex
File: pgfcorepoints.code.tex 2013/10/07  (rcs-revision 1.27)
\pgf@picminx=\dimen140
\pgf@picmaxx=\dimen141
\pgf@picminy=\dimen142
\pgf@picmaxy=\dimen143
\pgf@pathminx=\dimen144
\pgf@pathmaxx=\dimen145
\pgf@pathminy=\dimen146
\pgf@pathmaxy=\dimen147
\pgf@xx=\dimen148
\pgf@xy=\dimen149
\pgf@yx=\dimen150
\pgf@yy=\dimen151
\pgf@zx=\dimen152
\pgf@zy=\dimen153
)
(/usr/local/texlive/2015/texmf-dist/tex/generic/pgf/basiclayer/pgfcorepathconst
ruct.code.tex
File: pgfcorepathconstruct.code.tex 2013/10/07  (rcs-revision 1.29)
\pgf@path@lastx=\dimen154
\pgf@path@lasty=\dimen155
)
(/usr/local/texlive/2015/texmf-dist/tex/generic/pgf/basiclayer/pgfcorepathusage
.code.tex
File: pgfcorepathusage.code.tex 2013/12/13  (rcs-revision 1.23)
\pgf@shorten@end@additional=\dimen156
\pgf@shorten@start@additional=\dimen157
)
(/usr/local/texlive/2015/texmf-dist/tex/generic/pgf/basiclayer/pgfcorescopes.co
de.tex
File: pgfcorescopes.code.tex 2013/10/09  (rcs-revision 1.44)
\pgfpic=\box36
\pgf@hbox=\box37
\pgf@layerbox@main=\box38
\pgf@picture@serial@count=\count114
)
(/usr/local/texlive/2015/texmf-dist/tex/generic/pgf/basiclayer/pgfcoregraphicst
ate.code.tex
File: pgfcoregraphicstate.code.tex 2013/09/19  (rcs-revision 1.11)
\pgflinewidth=\dimen158
)
(/usr/local/texlive/2015/texmf-dist/tex/generic/pgf/basiclayer/pgfcoretransform
ations.code.tex
File: pgfcoretransformations.code.tex 2013/10/10  (rcs-revision 1.17)
\pgf@pt@x=\dimen159
\pgf@pt@y=\dimen160
\pgf@pt@temp=\dimen161
)
(/usr/local/texlive/2015/texmf-dist/tex/generic/pgf/basiclayer/pgfcorequick.cod
e.tex
File: pgfcorequick.code.tex 2008/10/09  (rcs-revision 1.3)
)
(/usr/local/texlive/2015/texmf-dist/tex/generic/pgf/basiclayer/pgfcoreobjects.c
ode.tex
File: pgfcoreobjects.code.tex 2006/10/11  (rcs-revision 1.2)
)
(/usr/local/texlive/2015/texmf-dist/tex/generic/pgf/basiclayer/pgfcorepathproce
ssing.code.tex
File: pgfcorepathprocessing.code.tex 2013/09/09  (rcs-revision 1.9)
)
(/usr/local/texlive/2015/texmf-dist/tex/generic/pgf/basiclayer/pgfcorearrows.co
de.tex
File: pgfcorearrows.code.tex 2013/11/07  (rcs-revision 1.40)
\pgfarrowsep=\dimen162
)
(/usr/local/texlive/2015/texmf-dist/tex/generic/pgf/basiclayer/pgfcoreshade.cod
e.tex
File: pgfcoreshade.code.tex 2013/07/15  (rcs-revision 1.15)
\pgf@max=\dimen163
\pgf@sys@shading@range@num=\count115
)
(/usr/local/texlive/2015/texmf-dist/tex/generic/pgf/basiclayer/pgfcoreimage.cod
e.tex
File: pgfcoreimage.code.tex 2013/07/15  (rcs-revision 1.18)

(/usr/local/texlive/2015/texmf-dist/tex/generic/pgf/basiclayer/pgfcoreexternal.
code.tex
File: pgfcoreexternal.code.tex 2013/07/15  (rcs-revision 1.20)
\pgfexternal@startupbox=\box39
))
(/usr/local/texlive/2015/texmf-dist/tex/generic/pgf/basiclayer/pgfcorelayers.co
de.tex
File: pgfcorelayers.code.tex 2013/07/18  (rcs-revision 1.7)
)
(/usr/local/texlive/2015/texmf-dist/tex/generic/pgf/basiclayer/pgfcoretranspare
ncy.code.tex
File: pgfcoretransparency.code.tex 2013/09/30  (rcs-revision 1.5)
)
(/usr/local/texlive/2015/texmf-dist/tex/generic/pgf/basiclayer/pgfcorepatterns.
code.tex
File: pgfcorepatterns.code.tex 2013/11/07  (rcs-revision 1.5)
)))
(/usr/local/texlive/2015/texmf-dist/tex/latex/pgf/utilities/xxcolor.sty
Package: xxcolor 2003/10/24 ver 0.1
\XC@nummixins=\count116
\XC@countmixins=\count117
)
(/usr/local/texlive/2015/texmf-dist/tex/generic/oberdiek/atbegshi.sty
Package: atbegshi 2011/10/05 v1.16 At begin shipout hook (HO)
)
(/usr/local/texlive/2015/texmf-dist/tex/latex/hyperref/hyperref.sty
Package: hyperref 2012/11/06 v6.83m Hypertext links for LaTeX

(/usr/local/texlive/2015/texmf-dist/tex/generic/oberdiek/hobsub-hyperref.sty
Package: hobsub-hyperref 2012/05/28 v1.13 Bundle oberdiek, subset hyperref (HO)


(/usr/local/texlive/2015/texmf-dist/tex/generic/oberdiek/hobsub-generic.sty
Package: hobsub-generic 2012/05/28 v1.13 Bundle oberdiek, subset generic (HO)
Package: hobsub 2012/05/28 v1.13 Construct package bundles (HO)
Package hobsub Info: Skipping package `infwarerr' (already loaded).
Package hobsub Info: Skipping package `ltxcmds' (already loaded).
Package: ifluatex 2010/03/01 v1.3 Provides the ifluatex switch (HO)
Package ifluatex Info: LuaTeX not detected.
Package hobsub Info: Skipping package `ifvtex' (already loaded).
Package: intcalc 2007/09/27 v1.1 Expandable calculations with integers (HO)
Package hobsub Info: Skipping package `ifpdf' (already loaded).
Package: etexcmds 2011/02/16 v1.5 Avoid name clashes with e-TeX commands (HO)
Package etexcmds Info: Could not find \expanded.
(etexcmds)             That can mean that you are not using pdfTeX 1.50 or
(etexcmds)             that some package has redefined \expanded.
(etexcmds)             In the latter case, load this package earlier.
Package: kvsetkeys 2012/04/25 v1.16 Key value parser (HO)
Package: kvdefinekeys 2011/04/07 v1.3 Define keys (HO)
Package: pdftexcmds 2011/11/29 v0.20 Utility functions of pdfTeX for LuaTeX (HO
)
Package pdftexcmds Info: LuaTeX not detected.
Package pdftexcmds Info: \pdf@primitive is available.
Package pdftexcmds Info: \pdf@ifprimitive is available.
Package pdftexcmds Info: \pdfdraftmode found.
Package: pdfescape 2011/11/25 v1.13 Implements pdfTeX's escape features (HO)
Package: bigintcalc 2012/04/08 v1.3 Expandable calculations on big integers (HO
)
Package: bitset 2011/01/30 v1.1 Handle bit-vector datatype (HO)
Package: uniquecounter 2011/01/30 v1.2 Provide unlimited unique counter (HO)
)
Package hobsub Info: Skipping package `hobsub' (already loaded).
Package: letltxmacro 2010/09/02 v1.4 Let assignment for LaTeX macros (HO)
Package: hopatch 2012/05/28 v1.2 Wrapper for package hooks (HO)
Package: xcolor-patch 2011/01/30 xcolor patch
Package: atveryend 2011/06/30 v1.8 Hooks at the very end of document (HO)
Package atveryend Info: \enddocument detected (standard20110627).
Package hobsub Info: Skipping package `atbegshi' (already loaded).
Package: refcount 2011/10/16 v3.4 Data extraction from label references (HO)
Package: hycolor 2011/01/30 v1.7 Color options for hyperref/bookmark (HO)
)
(/usr/local/texlive/2015/texmf-dist/tex/latex/oberdiek/auxhook.sty
Package: auxhook 2011/03/04 v1.3 Hooks for auxiliary files (HO)
)
(/usr/local/texlive/2015/texmf-dist/tex/latex/oberdiek/kvoptions.sty
Package: kvoptions 2011/06/30 v3.11 Key value format for package options (HO)
)
\@linkdim=\dimen164
\Hy@linkcounter=\count118
\Hy@pagecounter=\count119

(/usr/local/texlive/2015/texmf-dist/tex/latex/hyperref/pd1enc.def
File: pd1enc.def 2012/11/06 v6.83m Hyperref: PDFDocEncoding definition (HO)
)
\Hy@SavedSpaceFactor=\count120

(/usr/local/texlive/2015/texmf-dist/tex/latex/latexconfig/hyperref.cfg
File: hyperref.cfg 2002/06/06 v1.2 hyperref configuration of TeXLive
)
Package hyperref Info: Option `bookmarks' set `true' on input line 4319.
Package hyperref Info: Option `bookmarksopen' set `true' on input line 4319.
Package hyperref Info: Option `implicit' set `false' on input line 4319.
Package hyperref Info: Hyper figures OFF on input line 4443.
Package hyperref Info: Link nesting OFF on input line 4448.
Package hyperref Info: Hyper index ON on input line 4451.
Package hyperref Info: Plain pages OFF on input line 4458.
Package hyperref Info: Backreferencing OFF on input line 4463.
Package hyperref Info: Implicit mode OFF; no redefinition of LaTeX internals.
Package hyperref Info: Bookmarks ON on input line 4688.
\c@Hy@tempcnt=\count121

(/usr/local/texlive/2015/texmf-dist/tex/latex/url/url.sty
\Urlmuskip=\muskip10
Package: url 2013/09/16  ver 3.4  Verb mode for urls, etc.
)
LaTeX Info: Redefining \url on input line 5041.
\XeTeXLinkMargin=\dimen165
\Fld@menulength=\count122
\Field@Width=\dimen166
\Fld@charsize=\dimen167
Package hyperref Info: Hyper figures OFF on input line 6295.
Package hyperref Info: Link nesting OFF on input line 6300.
Package hyperref Info: Hyper index ON on input line 6303.
Package hyperref Info: backreferencing OFF on input line 6310.
Package hyperref Info: Link coloring OFF on input line 6315.
Package hyperref Info: Link coloring with OCG OFF on input line 6320.
Package hyperref Info: PDF/A mode OFF on input line 6325.
LaTeX Info: Redefining \ref on input line 6365.
LaTeX Info: Redefining \pageref on input line 6369.
\Hy@abspage=\count123


Package hyperref Message: Stopped early.

)

Package hyperref Message: Driver (autodetected): hpdftex.

(/usr/local/texlive/2015/texmf-dist/tex/latex/hyperref/hpdftex.def
File: hpdftex.def 2012/11/06 v6.83m Hyperref driver for pdfTeX
\Fld@listcount=\count124
\c@bookmark@seq@number=\count125

(/usr/local/texlive/2015/texmf-dist/tex/latex/oberdiek/rerunfilecheck.sty
Package: rerunfilecheck 2011/04/15 v1.7 Rerun checks for auxiliary files (HO)
Package uniquecounter Info: New unique counter `rerunfilecheck' on input line 2
82.
))
(/usr/local/texlive/2015/texmf-dist/tex/latex/beamer/beamerbaserequires.sty
Package: beamerbaserequires 2010/05/01  (rcs-revision efa082c6111d)

(/usr/local/texlive/2015/texmf-dist/tex/latex/beamer/beamerbasecompatibility.st
y
Package: beamerbasecompatibility 2012/05/01  (rcs-revision 67c48b3b652d)
) (/usr/local/texlive/2015/texmf-dist/tex/latex/beamer/beamerbasefont.sty
Package: beamerbasefont 2015/01/05  (rcs-revision b4b4bee242e2)

(/usr/local/texlive/2015/texmf-dist/tex/latex/amsfonts/amssymb.sty
Package: amssymb 2013/01/14 v3.01 AMS font symbols

(/usr/local/texlive/2015/texmf-dist/tex/latex/amsfonts/amsfonts.sty
Package: amsfonts 2013/01/14 v3.01 Basic AMSFonts support
\@emptytoks=\toks26
\symAMSa=\mathgroup4
\symAMSb=\mathgroup5
LaTeX Font Info:    Overwriting math alphabet `\mathfrak' in version `bold'
(Font)                  U/euf/m/n --> U/euf/b/n on input line 106.
))
(/usr/local/texlive/2015/texmf-dist/tex/latex/sansmathaccent/sansmathaccent.sty
Package: sansmathaccent 2013/03/28
(/usr/local/texlive/2015/texmf-dist/tex/latex/filehook/filehook.sty
Package: filehook 2011/10/12 v0.5d Hooks for input files
)))
(/usr/local/texlive/2015/texmf-dist/tex/latex/beamer/beamerbasetranslator.sty
Package: beamerbasetranslator 2010/06/11  (rcs-revision 85fd1cc7fc42)

(/usr/local/texlive/2015/texmf-dist/tex/latex/beamer/translator/translator.sty
Package: translator 2010/06/12 ver 1.10

(/usr/local/texlive/2015/texmf-dist/tex/latex/beamer/translator/translator-lang
uage-mappings.tex)))
(/usr/local/texlive/2015/texmf-dist/tex/latex/beamer/beamerbasemisc.sty
Package: beamerbasemisc 2013/09/03  (rcs-revision a55719c41d85)
)
(/usr/local/texlive/2015/texmf-dist/tex/latex/beamer/beamerbasetwoscreens.sty
Package: beamerbasetwoscreens 2010/05/01  (rcs-revision efa082c6111d)
)
(/usr/local/texlive/2015/texmf-dist/tex/latex/beamer/beamerbaseoverlay.sty
Package: beamerbaseoverlay 2013/12/25  (rcs-revision f6bd5e3805da)
\beamer@argscount=\count126
\beamer@lastskipcover=\skip44
\beamer@trivlistdepth=\count127
)
(/usr/local/texlive/2015/texmf-dist/tex/latex/beamer/beamerbasetitle.sty
Package: beamerbasetitle 2010/09/21  (rcs-revision f0446ed0b6ae)
)
(/usr/local/texlive/2015/texmf-dist/tex/latex/beamer/beamerbasesection.sty
Package: beamerbasesection 2013/06/07  (rcs-revision 60b9fe0f342f)
\c@lecture=\count128
\c@part=\count129
\c@section=\count130
\c@subsection=\count131
\c@subsubsection=\count132
)
(/usr/local/texlive/2015/texmf-dist/tex/latex/beamer/beamerbaseframe.sty
Package: beamerbaseframe 2014/02/20  (rcs-revision 4b8ceeeff434)
\beamer@framebox=\box40
\beamer@frametitlebox=\box41
\beamer@zoombox=\box42
\beamer@zoomcount=\count133
\beamer@zoomframecount=\count134
\beamer@frametextheight=\dimen168
\c@subsectionslide=\count135
\beamer@frametopskip=\skip45
\beamer@framebottomskip=\skip46
\beamer@frametopskipautobreak=\skip47
\beamer@framebottomskipautobreak=\skip48
\beamer@envbody=\toks27
\framewidth=\dimen169
\c@framenumber=\count136
)
(/usr/local/texlive/2015/texmf-dist/tex/latex/beamer/beamerbaseverbatim.sty
Package: beamerbaseverbatim 2015/01/05  (rcs-revision 431510bb5890)
\beamer@verbatimfileout=\write4
)
(/usr/local/texlive/2015/texmf-dist/tex/latex/beamer/beamerbaseframesize.sty
Package: beamerbaseframesize 2011/09/12  (rcs-revision 70f9d8411e54)
\beamer@splitbox=\box43
\beamer@autobreakcount=\count137
\beamer@autobreaklastheight=\dimen170
\beamer@frametitletoks=\toks28
\beamer@framesubtitletoks=\toks29
)
(/usr/local/texlive/2015/texmf-dist/tex/latex/beamer/beamerbaseframecomponents.
sty
Package: beamerbaseframecomponents 2013/10/18  (rcs-revision 5cf6c5555a45)
\beamer@footins=\box44
) (/usr/local/texlive/2015/texmf-dist/tex/latex/beamer/beamerbasecolor.sty
Package: beamerbasecolor 2015/02/21  (rcs-revision d944b04ee2d5)
)
(/usr/local/texlive/2015/texmf-dist/tex/latex/beamer/beamerbasenotes.sty
Package: beamerbasenotes 2012/12/19  (rcs-revision 1686da3db3c9)
\beamer@frameboxcopy=\box45
)
(/usr/local/texlive/2015/texmf-dist/tex/latex/beamer/beamerbasetoc.sty
Package: beamerbasetoc 2015/03/08  (rcs-revision 7270298bbaae)
)
(/usr/local/texlive/2015/texmf-dist/tex/latex/beamer/beamerbasetemplates.sty
Package: beamerbasetemplates 2010/05/01  (rcs-revision efa082c6111d)
\beamer@sbttoks=\toks30

(/usr/local/texlive/2015/texmf-dist/tex/latex/beamer/beamerbaseauxtemplates.sty
Package: beamerbaseauxtemplates 2014/06/30  (rcs-revision 580088513a67)
(/usr/local/texlive/2015/texmf-dist/tex/latex/beamer/beamerbaseboxes.sty
Package: beamerbaseboxes 2012/05/13  (rcs-revision 56972908a390)
\bmb@box=\box46
\bmb@colorbox=\box47
\bmb@boxshadow=\box48
\bmb@boxshadowball=\box49
\bmb@boxshadowballlarge=\box50
\bmb@temp=\dimen171
\bmb@dima=\dimen172
\bmb@dimb=\dimen173
\bmb@prevheight=\dimen174
)
\beamer@blockheadheight=\dimen175
))
(/usr/local/texlive/2015/texmf-dist/tex/latex/beamer/beamerbaselocalstructure.s
ty
Package: beamerbaselocalstructure 2014/09/10  (rcs-revision 393f6dcff371)
 (/usr/local/texlive/2015/texmf-dist/tex/latex/tools/enumerate.sty
Package: enumerate 2014/10/28 v3.00 enumerate extensions (DPC)
\@enLab=\toks31
)
\c@figure=\count138
\c@table=\count139
\abovecaptionskip=\skip49
\belowcaptionskip=\skip50
)
(/usr/local/texlive/2015/texmf-dist/tex/latex/beamer/beamerbasenavigation.sty
Package: beamerbasenavigation 2015/02/27  (rcs-revision 923f4bf87efa)
\beamer@section@min@dim=\dimen176
)
(/usr/local/texlive/2015/texmf-dist/tex/latex/beamer/beamerbasetheorems.sty
Package: beamerbasetheorems 2010/06/06  (rcs-revision 7e7cc5e53e9d)

(/usr/local/texlive/2015/texmf-dist/tex/latex/amsmath/amsmath.sty
Package: amsmath 2013/01/14 v2.14 AMS math features
\@mathmargin=\skip51

For additional information on amsmath, use the `?' option.
(/usr/local/texlive/2015/texmf-dist/tex/latex/amsmath/amstext.sty
Package: amstext 2000/06/29 v2.01

(/usr/local/texlive/2015/texmf-dist/tex/latex/amsmath/amsgen.sty
File: amsgen.sty 1999/11/30 v2.0
\@emptytoks=\toks32
\ex@=\dimen177
))
(/usr/local/texlive/2015/texmf-dist/tex/latex/amsmath/amsbsy.sty
Package: amsbsy 1999/11/29 v1.2d
\pmbraise@=\dimen178
)
(/usr/local/texlive/2015/texmf-dist/tex/latex/amsmath/amsopn.sty
Package: amsopn 1999/12/14 v2.01 operator names
)
\inf@bad=\count140
LaTeX Info: Redefining \frac on input line 210.
\uproot@=\count141
\leftroot@=\count142
LaTeX Info: Redefining \overline on input line 306.
\classnum@=\count143
\DOTSCASE@=\count144
LaTeX Info: Redefining \ldots on input line 378.
LaTeX Info: Redefining \dots on input line 381.
LaTeX Info: Redefining \cdots on input line 466.
\Mathstrutbox@=\box51
\strutbox@=\box52
\big@size=\dimen179
LaTeX Font Info:    Redeclaring font encoding OML on input line 566.
LaTeX Font Info:    Redeclaring font encoding OMS on input line 567.
\macc@depth=\count145
\c@MaxMatrixCols=\count146
\dotsspace@=\muskip11
\c@parentequation=\count147
\dspbrk@lvl=\count148
\tag@help=\toks33
\row@=\count149
\column@=\count150
\maxfields@=\count151
\andhelp@=\toks34
\eqnshift@=\dimen180
\alignsep@=\dimen181
\tagshift@=\dimen182
\tagwidth@=\dimen183
\totwidth@=\dimen184
\lineht@=\dimen185
\@envbody=\toks35
\multlinegap=\skip52
\multlinetaggap=\skip53
\mathdisplay@stack=\toks36
LaTeX Info: Redefining \[ on input line 2665.
LaTeX Info: Redefining \] on input line 2666.
)
(/usr/local/texlive/2015/texmf-dist/tex/latex/amscls/amsthm.sty
Package: amsthm 2015/03/04 v2.20.2
\thm@style=\toks37
\thm@bodyfont=\toks38
\thm@headfont=\toks39
\thm@notefont=\toks40
\thm@headpunct=\toks41
\thm@preskip=\skip54
\thm@postskip=\skip55
\thm@headsep=\skip56
\dth@everypar=\toks42
)
\c@theorem=\count152
)
(/usr/local/texlive/2015/texmf-dist/tex/latex/beamer/beamerbasethemes.sty
Package: beamerbasethemes 2010/05/01  (rcs-revision efa082c6111d)
))
(/usr/local/texlive/2015/texmf-dist/tex/latex/beamer/themes/theme/beamerthemede
fault.sty
Package: beamerthemedefault 2010/06/17  (rcs-revision d02a7cf4d8ae)

(/usr/local/texlive/2015/texmf-dist/tex/latex/beamer/themes/font/beamerfontthem
edefault.sty
Package: beamerfontthemedefault 2012/12/19  (rcs-revision 1686da3db3c9)
)
(/usr/local/texlive/2015/texmf-dist/tex/latex/beamer/themes/color/beamercolorth
emedefault.sty
Package: beamercolorthemedefault 2012/12/19  (rcs-revision 1686da3db3c9)
)
(/usr/local/texlive/2015/texmf-dist/tex/latex/beamer/themes/inner/beamerinnerth
emedefault.sty
Package: beamerinnerthemedefault 2014/06/30  (rcs-revision 580088513a67)
\beamer@dima=\dimen186
\beamer@dimb=\dimen187
)
(/usr/local/texlive/2015/texmf-dist/tex/latex/beamer/themes/outer/beamerouterth
emedefault.sty
Package: beamerouterthemedefault 2012/12/19  (rcs-revision 1686da3db3c9)
)))
(/Users/marco/Library/texmf/tex/latex/metropolis/beamerthememetropolis.sty
Package: beamerthememetropolis 2016/03/14 v1.1 Metropolis Beamer theme

(/usr/local/texlive/2015/texmf-dist/tex/latex/etoolbox/etoolbox.sty
Package: etoolbox 2015/05/04 v2.2 e-TeX tools for LaTeX (JAW)
\etb@tempcnta=\count153
)
(/usr/local/texlive/2015/texmf-dist/tex/latex/pgfopts/pgfopts.sty
Package: pgfopts 2014/07/10 v2.1a LaTeX package options with pgfkeys

(/usr/local/texlive/2015/texmf-dist/tex/latex/pgf/utilities/pgfkeys.sty
(/usr/local/texlive/2015/texmf-dist/tex/generic/pgf/utilities/pgfkeys.code.tex)
)
\pgfopts@list@add@a@toks=\toks43
\pgfopts@list@add@b@toks=\toks44
)
(/Users/marco/Library/texmf/tex/latex/metropolis/beamerinnerthememetropolis.sty
Package: beamerinnerthememetropolis 2016/03/14 Metropolis inner theme
(/usr/local/texlive/2015/texmf-dist/tex/latex/tools/calc.sty
Package: calc 2014/10/28 v4.3 Infix arithmetic (KKT,FJ)
\calc@Acount=\count154
\calc@Bcount=\count155
\calc@Adimen=\dimen188
\calc@Bdimen=\dimen189
\calc@Askip=\skip57
\calc@Bskip=\skip58
LaTeX Info: Redefining \setlength on input line 80.
LaTeX Info: Redefining \addtolength on input line 81.
\calc@Ccount=\count156
\calc@Cskip=\skip59
)
(/usr/local/texlive/2015/texmf-dist/tex/latex/pgf/frontendlayer/tikz.sty
(/usr/local/texlive/2015/texmf-dist/tex/latex/pgf/basiclayer/pgf.sty
Package: pgf 2013/12/18 v3.0.0 (rcs-revision 1.14)

(/usr/local/texlive/2015/texmf-dist/tex/generic/pgf/modules/pgfmoduleshapes.cod
e.tex
File: pgfmoduleshapes.code.tex 2013/10/31  (rcs-revision 1.34)
\pgfnodeparttextbox=\box53
)
(/usr/local/texlive/2015/texmf-dist/tex/generic/pgf/modules/pgfmoduleplot.code.
tex
File: pgfmoduleplot.code.tex 2013/07/31  (rcs-revision 1.12)
)
(/usr/local/texlive/2015/texmf-dist/tex/latex/pgf/compatibility/pgfcomp-version
-0-65.sty
Package: pgfcomp-version-0-65 2007/07/03 v3.0.0 (rcs-revision 1.7)
\pgf@nodesepstart=\dimen190
\pgf@nodesepend=\dimen191
)
(/usr/local/texlive/2015/texmf-dist/tex/latex/pgf/compatibility/pgfcomp-version
-1-18.sty
Package: pgfcomp-version-1-18 2007/07/23 v3.0.0 (rcs-revision 1.1)
))
(/usr/local/texlive/2015/texmf-dist/tex/latex/pgf/utilities/pgffor.sty
(/usr/local/texlive/2015/texmf-dist/tex/latex/pgf/math/pgfmath.sty
(/usr/local/texlive/2015/texmf-dist/tex/generic/pgf/math/pgfmath.code.tex))
(/usr/local/texlive/2015/texmf-dist/tex/generic/pgf/utilities/pgffor.code.tex
Package: pgffor 2013/12/13 v3.0.0 (rcs-revision 1.25)

(/usr/local/texlive/2015/texmf-dist/tex/generic/pgf/math/pgfmath.code.tex)
\pgffor@iter=\dimen192
\pgffor@skip=\dimen193
\pgffor@stack=\toks45
\pgffor@toks=\toks46
))
(/usr/local/texlive/2015/texmf-dist/tex/generic/pgf/frontendlayer/tikz/tikz.cod
e.tex
Package: tikz 2013/12/13 v3.0.0 (rcs-revision 1.142)

(/usr/local/texlive/2015/texmf-dist/tex/generic/pgf/libraries/pgflibraryplothan
dlers.code.tex
File: pgflibraryplothandlers.code.tex 2013/08/31 v3.0.0 (rcs-revision 1.20)
\pgf@plot@mark@count=\count157
\pgfplotmarksize=\dimen194
)
\tikz@lastx=\dimen195
\tikz@lasty=\dimen196
\tikz@lastxsaved=\dimen197
\tikz@lastysaved=\dimen198
\tikzleveldistance=\dimen199
\tikzsiblingdistance=\dimen200
\tikz@figbox=\box54
\tikz@figbox@bg=\box55
\tikz@tempbox=\box56
\tikz@tempbox@bg=\box57
\tikztreelevel=\count158
\tikznumberofchildren=\count159
\tikznumberofcurrentchild=\count160
\tikz@fig@count=\count161

(/usr/local/texlive/2015/texmf-dist/tex/generic/pgf/modules/pgfmodulematrix.cod
e.tex
File: pgfmodulematrix.code.tex 2013/09/17  (rcs-revision 1.8)
\pgfmatrixcurrentrow=\count162
\pgfmatrixcurrentcolumn=\count163
\pgf@matrix@numberofcolumns=\count164
)
\tikz@expandcount=\count165

(/usr/local/texlive/2015/texmf-dist/tex/generic/pgf/frontendlayer/tikz/librarie
s/tikzlibrarytopaths.code.tex
File: tikzlibrarytopaths.code.tex 2008/06/17 v3.0.0 (rcs-revision 1.2)
)))
\metropolis@progressonsectionpage=\skip60
\metropolis@blocksep=\skip61
\metropolis@blockadjust=\skip62
\metropolis@parskip=\skip63
)
(/Users/marco/Library/texmf/tex/latex/metropolis/beamerouterthememetropolis.sty
Package: beamerouterthememetropolis 2016/03/14 Metropolis outer theme
\metropolis@frametitle@padding=\skip64
\metropolis@progressinheadfoot=\skip65
)
(/Users/marco/Library/texmf/tex/latex/metropolis/beamercolorthememetropolis.sty
Package: beamercolorthememetropolis 2016/03/14 Metropolis color theme
)
(/Users/marco/Library/texmf/tex/latex/metropolis/beamerfontthememetropolis.sty
Package: beamerfontthememetropolis 2016/03/14 Metropolis font theme


Package beamerthememetropolis Warning: You need to compile with XeLaTeX or LuaL
aTeX to use the Fira fonts on input line 91.

)) (/usr/local/texlive/2015/texmf-dist/tex/latex/pdfcomment/pdfcomment.sty
Package: pdfcomment 2012/09/28 pdfcomment.sty v2.3a - Josef Kleber (C) 2008-201
2

(/usr/local/texlive/2015/texmf-dist/tex/latex/xkeyval/xkeyval.sty
Package: xkeyval 2014/12/03 v2.7a package option processing (HA)

(/usr/local/texlive/2015/texmf-dist/tex/generic/xkeyval/xkeyval.tex
(/usr/local/texlive/2015/texmf-dist/tex/generic/xkeyval/xkvutils.tex
\XKV@toks=\toks47
\XKV@tempa@toks=\toks48
)
\XKV@depth=\count166
File: xkeyval.tex 2014/12/03 v2.7a key=value parser (HA)
))
\c@pc@count@i=\count167
\c@pc@count@ii=\count168
\c@pc@count@iii=\count169
\c@pc@count@iv=\count170
\pc@mathannot@box=\box58
\pc@dima=\skip66
\pc@dimb=\skip67
\pc@Sposx=\skip68
\pc@Sposy=\skip69
\pc@Eposx=\skip70
\pc@Eposy=\skip71
\pc@column=\skip72
\pc@box@width=\skip73
\pc@box@height=\skip74
\pc@box@depth=\skip75

(/usr/local/texlive/2015/texmf-dist/tex/latex/oberdiek/zref-savepos.sty
Package: zref-savepos 2012/04/04 v2.24 Module savepos for zref (HO)

(/usr/local/texlive/2015/texmf-dist/tex/latex/oberdiek/zref-base.sty
Package: zref-base 2012/04/04 v2.24 Module base for zref (HO)
Package zref Info: New property list: main on input line 759.
Package zref Info: New property: default on input line 760.
Package zref Info: New property: page on input line 761.
)
Package zref Info: New property list: savepos on input line 75.
Package zref Info: New property: posx on input line 76.
Package zref Info: New property: posy on input line 77.
)
\c@zref@unique=\count171

(/usr/local/texlive/2015/texmf-dist/tex/latex/base/ifthen.sty
Package: ifthen 2014/09/29 v1.1c Standard LaTeX ifthen package (DPC)
)
(/usr/local/texlive/2015/texmf-dist/tex/latex/marginnote/marginnote.sty
Package: marginnote 2012/03/29 v1.1i non floating margin notes for LaTeX
\c@mn@abspage=\count172
)
(/usr/local/texlive/2015/texmf-dist/tex/latex/datetime/datetime.sty
Package: datetime 2015/03/20 v2.60 Date Time Package

(/usr/local/texlive/2015/texmf-dist/tex/latex/fmtcount/fmtcount.sty
Package: fmtcount 2015/05/05 v3.01

(/usr/local/texlive/2015/texmf-dist/tex/latex/fmtcount/fcprefix.sty
Package: fcprefix 2012/09/28

(/usr/local/texlive/2015/texmf-dist/tex/latex/fmtcount/fcnumparser.sty
Package: fcnumparser 2012/09/28
\fc@digit@counter=\count173
))
\c@padzeroesN=\count174
\fc@tmpcatcode=\count175
\@DT@modctr=\count176
\@ordinalctr=\count177
\@orgargctr=\count178
\@strctr=\count179
\@tmpstrctr=\count180
\@DT@loopN=\count181
\@DT@X=\count182

(/usr/local/texlive/2015/texmf-dist/tex/latex/fmtcount/fc-english.def
File: fc-english.def 2013/08/17
))
(/usr/local/texlive/2015/texmf-dist/tex/latex/datetime/datetime-defaults.sty
Package: datetime-defaults 2013/09/10
)
\@day=\count183
\@month=\count184
\@year=\count185
\c@HOUR=\count186
\c@HOURXII=\count187
\c@MINUTE=\count188
\c@TOHOUR=\count189
\c@TOMINUTE=\count190
\c@SECOND=\count191
\currenthour=\count192
\currentminute=\count193
\currentsecond=\count194
Package datetime Info: No datetime.cfg file found, using default settings on in
put line 308.
\@dtctr=\count195
\dayofyear=\count196
\dayofweek=\count197
LaTeX Info: Redefining \today on input line 736.
\dt@a=\toks49
\dt@b=\toks50
)
(/usr/local/texlive/2015/texmf-dist/tex/latex/bezos/soulpos.sty
Package: soulpos 2012/02/25 v1.0 Fancy underlining
\ulp@subcnt=\count198
\ulp@cnt=\count199
\ulp@out=\write5
\ulp@in=\read2
\ulwidth=\dimen201
)

Package hyperref Warning: Option `pdftex' has already been used,
(hyperref)                setting the option has no effect on input line 1348.

Package zref Info: New property list: pdfcomment on input line 2714.
Package zref Info: New property: PCPDFOBJID on input line 2715.
) (/usr/local/texlive/2015/texmf-dist/tex/latex/booktabs/booktabs.sty
Package: booktabs 2005/04/14 v1.61803 publication quality tables
\heavyrulewidth=\dimen202
\lightrulewidth=\dimen203
\cmidrulewidth=\dimen204
\belowrulesep=\dimen205
\belowbottomsep=\dimen206
\aboverulesep=\dimen207
\abovetopsep=\dimen208
\cmidrulesep=\dimen209
\cmidrulekern=\dimen210
\defaultaddspace=\dimen211
\@cmidla=\count200
\@cmidlb=\count201
\@aboverulesep=\dimen212
\@belowrulesep=\dimen213
\@thisruleclass=\count202
\@lastruleclass=\count203
\@thisrulewidth=\dimen214
)
(/usr/local/texlive/2015/texmf-dist/tex/latex/natbib/natbib.sty
Package: natbib 2010/09/13 8.31b (PWD, AO)
\bibhang=\skip76
\bibsep=\skip77
LaTeX Info: Redefining \cite on input line 694.
\c@NAT@ctr=\count204
)
(/usr/local/texlive/2015/texmf-dist/tex/latex/multirow/multirow.sty
\bigstrutjot=\dimen215
)
(/usr/local/texlive/2015/texmf-dist/tex/latex/textpos/textpos.sty
Package: textpos 2014/01/03 v1.7j

Package: textpos 2014/01/03 1.7j, absolute positioning of text on the page
\TP@textbox=\box59
\TP@holdbox=\box60
\TPHorizModule=\dimen216
\TPVertModule=\dimen217
\TP@margin=\dimen218
\TP@absmargin=\dimen219
Grid set 16 x 16 = 22.7622pt x 17.07166pt
\TPboxrulesize=\dimen220
\TP@ox=\dimen221
\TP@oy=\dimen222
\TP@tbargs=\toks51
\TP@prevdepth=\dimen223
TextBlockOrigin set to 0pt x 0pt
) (/usr/local/texlive/2015/texmf-dist/tex/latex/Sweave/tex/latex/Sweave.sty
Package: Sweave 

(/usr/local/texlive/2015/texmf-dist/tex/latex/fancyvrb/fancyvrb.sty
Package: fancyvrb 2008/02/07

Style option: `fancyvrb' v2.7a, with DG/SPQR fixes, and firstline=lastline fix 
<2008/02/07> (tvz)
\FV@CodeLineNo=\count205
\FV@InFile=\read3
\FV@TabBox=\box61
\c@FancyVerbLine=\count206
\FV@StepNumber=\count207
\FV@OutFile=\write6
)
(/usr/local/texlive/2015/texmf-dist/tex/latex/base/textcomp.sty
Package: textcomp 2005/09/27 v1.99g Standard LaTeX package
Package textcomp Info: Sub-encoding information:
(textcomp)               5 = only ISO-Adobe without \textcurrency
(textcomp)               4 = 5 + \texteuro
(textcomp)               3 = 4 + \textohm
(textcomp)               2 = 3 + \textestimated + \textcurrency
(textcomp)               1 = TS1 - \textcircled - \t
(textcomp)               0 = TS1 (full)
(textcomp)             Font families with sub-encoding setting implement
(textcomp)             only a restricted character set as indicated.
(textcomp)             Family '?' is the default used for unknown fonts.
(textcomp)             See the documentation for details.
Package textcomp Info: Setting ? sub-encoding to TS1/1 on input line 79.

(/usr/local/texlive/2015/texmf-dist/tex/latex/base/ts1enc.def
File: ts1enc.def 2001/06/05 v3.0e (jk/car/fm) Standard LaTeX file
)
LaTeX Info: Redefining \oldstylenums on input line 334.
Package textcomp Info: Setting cmr sub-encoding to TS1/0 on input line 349.
Package textcomp Info: Setting cmss sub-encoding to TS1/0 on input line 350.
Package textcomp Info: Setting cmtt sub-encoding to TS1/0 on input line 351.
Package textcomp Info: Setting cmvtt sub-encoding to TS1/0 on input line 352.
Package textcomp Info: Setting cmbr sub-encoding to TS1/0 on input line 353.
Package textcomp Info: Setting cmtl sub-encoding to TS1/0 on input line 354.
Package textcomp Info: Setting ccr sub-encoding to TS1/0 on input line 355.
Package textcomp Info: Setting ptm sub-encoding to TS1/4 on input line 356.
Package textcomp Info: Setting pcr sub-encoding to TS1/4 on input line 357.
Package textcomp Info: Setting phv sub-encoding to TS1/4 on input line 358.
Package textcomp Info: Setting ppl sub-encoding to TS1/3 on input line 359.
Package textcomp Info: Setting pag sub-encoding to TS1/4 on input line 360.
Package textcomp Info: Setting pbk sub-encoding to TS1/4 on input line 361.
Package textcomp Info: Setting pnc sub-encoding to TS1/4 on input line 362.
Package textcomp Info: Setting pzc sub-encoding to TS1/4 on input line 363.
Package textcomp Info: Setting bch sub-encoding to TS1/4 on input line 364.
Package textcomp Info: Setting put sub-encoding to TS1/5 on input line 365.
Package textcomp Info: Setting uag sub-encoding to TS1/5 on input line 366.
Package textcomp Info: Setting ugq sub-encoding to TS1/5 on input line 367.
Package textcomp Info: Setting ul8 sub-encoding to TS1/4 on input line 368.
Package textcomp Info: Setting ul9 sub-encoding to TS1/4 on input line 369.
Package textcomp Info: Setting augie sub-encoding to TS1/5 on input line 370.
Package textcomp Info: Setting dayrom sub-encoding to TS1/3 on input line 371.
Package textcomp Info: Setting dayroms sub-encoding to TS1/3 on input line 372.

Package textcomp Info: Setting pxr sub-encoding to TS1/0 on input line 373.
Package textcomp Info: Setting pxss sub-encoding to TS1/0 on input line 374.
Package textcomp Info: Setting pxtt sub-encoding to TS1/0 on input line 375.
Package textcomp Info: Setting txr sub-encoding to TS1/0 on input line 376.
Package textcomp Info: Setting txss sub-encoding to TS1/0 on input line 377.
Package textcomp Info: Setting txtt sub-encoding to TS1/0 on input line 378.
Package textcomp Info: Setting lmr sub-encoding to TS1/0 on input line 379.
Package textcomp Info: Setting lmdh sub-encoding to TS1/0 on input line 380.
Package textcomp Info: Setting lmss sub-encoding to TS1/0 on input line 381.
Package textcomp Info: Setting lmssq sub-encoding to TS1/0 on input line 382.
Package textcomp Info: Setting lmvtt sub-encoding to TS1/0 on input line 383.
Package textcomp Info: Setting lmtt sub-encoding to TS1/0 on input line 384.
Package textcomp Info: Setting qhv sub-encoding to TS1/0 on input line 385.
Package textcomp Info: Setting qag sub-encoding to TS1/0 on input line 386.
Package textcomp Info: Setting qbk sub-encoding to TS1/0 on input line 387.
Package textcomp Info: Setting qcr sub-encoding to TS1/0 on input line 388.
Package textcomp Info: Setting qcs sub-encoding to TS1/0 on input line 389.
Package textcomp Info: Setting qpl sub-encoding to TS1/0 on input line 390.
Package textcomp Info: Setting qtm sub-encoding to TS1/0 on input line 391.
Package textcomp Info: Setting qzc sub-encoding to TS1/0 on input line 392.
Package textcomp Info: Setting qhvc sub-encoding to TS1/0 on input line 393.
Package textcomp Info: Setting futs sub-encoding to TS1/4 on input line 394.
Package textcomp Info: Setting futx sub-encoding to TS1/4 on input line 395.
Package textcomp Info: Setting futj sub-encoding to TS1/4 on input line 396.
Package textcomp Info: Setting hlh sub-encoding to TS1/3 on input line 397.
Package textcomp Info: Setting hls sub-encoding to TS1/3 on input line 398.
Package textcomp Info: Setting hlst sub-encoding to TS1/3 on input line 399.
Package textcomp Info: Setting hlct sub-encoding to TS1/5 on input line 400.
Package textcomp Info: Setting hlx sub-encoding to TS1/5 on input line 401.
Package textcomp Info: Setting hlce sub-encoding to TS1/5 on input line 402.
Package textcomp Info: Setting hlcn sub-encoding to TS1/5 on input line 403.
Package textcomp Info: Setting hlcw sub-encoding to TS1/5 on input line 404.
Package textcomp Info: Setting hlcf sub-encoding to TS1/5 on input line 405.
Package textcomp Info: Setting pplx sub-encoding to TS1/3 on input line 406.
Package textcomp Info: Setting pplj sub-encoding to TS1/3 on input line 407.
Package textcomp Info: Setting ptmx sub-encoding to TS1/4 on input line 408.
Package textcomp Info: Setting ptmj sub-encoding to TS1/4 on input line 409.
)
(/usr/local/texlive/2015/texmf-dist/tex/latex/base/fontenc.sty
Package: fontenc 2005/09/27 v1.99g Standard LaTeX package

(/usr/local/texlive/2015/texmf-dist/tex/latex/base/t1enc.def
File: t1enc.def 2005/09/27 v1.99g Standard LaTeX file
LaTeX Font Info:    Redeclaring font encoding T1 on input line 48.
))
(/usr/local/texlive/2015/texmf-dist/tex/latex/ae/ae.sty
Package: ae 2001/02/12 1.3 Almost European Computer Modern

(/usr/local/texlive/2015/texmf-dist/tex/latex/base/fontenc.sty
Package: fontenc 2005/09/27 v1.99g Standard LaTeX package

(/usr/local/texlive/2015/texmf-dist/tex/latex/base/t1enc.def
File: t1enc.def 2005/09/27 v1.99g Standard LaTeX file
LaTeX Font Info:    Redeclaring font encoding T1 on input line 48.
)
LaTeX Font Info:    Try loading font information for T1+aer on input line 105.

(/usr/local/texlive/2015/texmf-dist/tex/latex/ae/t1aer.fd
File: t1aer.fd 1997/11/16 Font definitions for T1/aer.
))))
(./Rbasic_Day1.aux)
\openout1 = `Rbasic_Day1.aux'.

LaTeX Font Info:    Checking defaults for OML/cmm/m/it on input line 56.
LaTeX Font Info:    ... okay on input line 56.
LaTeX Font Info:    Checking defaults for T1/cmr/m/n on input line 56.
LaTeX Font Info:    ... okay on input line 56.
LaTeX Font Info:    Checking defaults for OT1/cmr/m/n on input line 56.
LaTeX Font Info:    ... okay on input line 56.
LaTeX Font Info:    Checking defaults for OMS/cmsy/m/n on input line 56.
LaTeX Font Info:    ... okay on input line 56.
LaTeX Font Info:    Checking defaults for OMX/cmex/m/n on input line 56.
LaTeX Font Info:    ... okay on input line 56.
LaTeX Font Info:    Checking defaults for U/cmr/m/n on input line 56.
LaTeX Font Info:    ... okay on input line 56.
LaTeX Font Info:    Checking defaults for PD1/pdf/m/n on input line 56.
LaTeX Font Info:    ... okay on input line 56.
LaTeX Font Info:    Checking defaults for TS1/cmr/m/n on input line 56.
LaTeX Font Info:    Try loading font information for TS1+cmr on input line 56.

(/usr/local/texlive/2015/texmf-dist/tex/latex/base/ts1cmr.fd
File: ts1cmr.fd 2014/09/29 v2.5h Standard LaTeX font definitions
)
LaTeX Font Info:    ... okay on input line 56.
LaTeX Font Info:    Try loading font information for T1+aess on input line 56.

(/usr/local/texlive/2015/texmf-dist/tex/latex/ae/t1aess.fd
File: t1aess.fd 1997/11/16 Font definitions for T1/aess.
)
*geometry* driver: auto-detecting
*geometry* detected driver: pdftex
*geometry* verbose mode - [ preamble ] result:
* driver: pdftex
* paper: custom
* layout: <same size as paper>
* layoutoffset:(h,v)=(0.0pt,0.0pt)
* modes: includehead includefoot 
* h-part:(L,W,R)=(28.45274pt, 307.28987pt, 28.45274pt)
* v-part:(T,H,B)=(0.0pt, 273.14662pt, 0.0pt)
* \paperwidth=364.19536pt
* \paperheight=273.14662pt
* \textwidth=307.28987pt
* \textheight=244.6939pt
* \oddsidemargin=-43.81725pt
* \evensidemargin=-43.81725pt
* \topmargin=-72.26999pt
* \headheight=14.22636pt
* \headsep=0.0pt
* \topskip=11.0pt
* \footskip=14.22636pt
* \marginparwidth=4.0pt
* \marginparsep=10.0pt
* \columnsep=10.0pt
* \skip\footins=10.0pt plus 4.0pt minus 2.0pt
* \hoffset=0.0pt
* \voffset=0.0pt
* \mag=1000
* \@twocolumnfalse
* \@twosidefalse
* \@mparswitchfalse
* \@reversemarginfalse
* (1in=72.27pt=25.4mm, 1cm=28.453pt)

(/usr/local/texlive/2015/texmf-dist/tex/context/base/supp-pdf.mkii
[Loading MPS to PDF converter (version 2006.09.02).]
\scratchcounter=\count208
\scratchdimen=\dimen224
\scratchbox=\box62
\nofMPsegments=\count209
\nofMParguments=\count210
\everyMPshowfont=\toks52
\MPscratchCnt=\count211
\MPscratchDim=\dimen225
\MPnumerator=\count212
\makeMPintoPDFobject=\count213
\everyMPtoPDFconversion=\toks53
) (/usr/local/texlive/2015/texmf-dist/tex/latex/oberdiek/epstopdf-base.sty
Package: epstopdf-base 2010/02/09 v2.5 Base part for package epstopdf

(/usr/local/texlive/2015/texmf-dist/tex/latex/oberdiek/grfext.sty
Package: grfext 2010/08/19 v1.1 Manage graphics extensions (HO)
)
Package grfext Info: Graphics extension search list:
(grfext)             [.png,.pdf,.jpg,.mps,.jpeg,.jbig2,.jb2,.PNG,.PDF,.JPG,.JPE
G,.JBIG2,.JB2,.eps]
(grfext)             \AppendGraphicsExtensions on input line 452.

(/usr/local/texlive/2015/texmf-dist/tex/latex/latexconfig/epstopdf-sys.cfg
File: epstopdf-sys.cfg 2010/07/13 v1.3 Configuration of (r)epstopdf for TeX Liv
e
))
ABD: EveryShipout initializing macros
\AtBeginShipoutBox=\box63
Package hyperref Info: Link coloring OFF on input line 56.

(/usr/local/texlive/2015/texmf-dist/tex/latex/hyperref/nameref.sty
Package: nameref 2012/10/27 v2.43 Cross-referencing by name of section

(/usr/local/texlive/2015/texmf-dist/tex/generic/oberdiek/gettitlestring.sty
Package: gettitlestring 2010/12/03 v1.4 Cleanup title references (HO)
)
\c@section@level=\count214
)
LaTeX Info: Redefining \ref on input line 56.
LaTeX Info: Redefining \pageref on input line 56.
LaTeX Info: Redefining \nameref on input line 56.

(./Rbasic_Day1.out) (./Rbasic_Day1.out)
\@outlinefile=\write7
\openout7 = `Rbasic_Day1.out'.

LaTeX Font Info:    Overwriting symbol font `operators' in version `normal'
(Font)                  OT1/cmr/m/n --> OT1/cmss/m/n on input line 56.
LaTeX Font Info:    Overwriting symbol font `operators' in version `bold'
(Font)                  OT1/cmr/bx/n --> OT1/cmss/bx/n on input line 56.
\symnumbers=\mathgroup6
\sympureletters=\mathgroup7
LaTeX Font Info:    Overwriting math alphabet `\mathrm' in version `normal'
(Font)                  OT1/cmss/m/n --> T1/aer/m/n on input line 56.
LaTeX Font Info:    Redeclaring math alphabet \mathbf on input line 56.
LaTeX Font Info:    Overwriting math alphabet `\mathbf' in version `normal'
(Font)                  OT1/cmr/bx/n --> T1/aess/bx/n on input line 56.
LaTeX Font Info:    Overwriting math alphabet `\mathbf' in version `bold'
(Font)                  OT1/cmr/bx/n --> T1/aess/bx/n on input line 56.
LaTeX Font Info:    Redeclaring math alphabet \mathsf on input line 56.
LaTeX Font Info:    Overwriting math alphabet `\mathsf' in version `normal'
(Font)                  OT1/cmss/m/n --> T1/aess/m/n on input line 56.
LaTeX Font Info:    Overwriting math alphabet `\mathsf' in version `bold'
(Font)                  OT1/cmss/bx/n --> T1/aess/m/n on input line 56.
LaTeX Font Info:    Redeclaring math alphabet \mathit on input line 56.
LaTeX Font Info:    Overwriting math alphabet `\mathit' in version `normal'
(Font)                  OT1/cmr/m/it --> T1/aess/m/it on input line 56.
LaTeX Font Info:    Overwriting math alphabet `\mathit' in version `bold'
(Font)                  OT1/cmr/bx/it --> T1/aess/m/it on input line 56.
LaTeX Font Info:    Redeclaring math alphabet \mathtt on input line 56.
LaTeX Font Info:    Overwriting math alphabet `\mathtt' in version `normal'
(Font)                  OT1/cmtt/m/n --> T1/aett/m/n on input line 56.
LaTeX Font Info:    Overwriting math alphabet `\mathtt' in version `bold'
(Font)                  OT1/cmtt/m/n --> T1/aett/m/n on input line 56.
LaTeX Font Info:    Overwriting symbol font `numbers' in version `bold'
(Font)                  T1/aess/m/n --> T1/aess/bx/n on input line 56.
LaTeX Font Info:    Overwriting symbol font `pureletters' in version `bold'
(Font)                  T1/aess/m/it --> T1/aess/bx/it on input line 56.
LaTeX Font Info:    Overwriting math alphabet `\mathrm' in version `bold'
(Font)                  OT1/cmss/bx/n --> T1/aer/bx/n on input line 56.
LaTeX Font Info:    Overwriting math alphabet `\mathbf' in version `bold'
(Font)                  T1/aess/bx/n --> T1/aess/bx/n on input line 56.
LaTeX Font Info:    Overwriting math alphabet `\mathsf' in version `bold'
(Font)                  T1/aess/m/n --> T1/aess/bx/n on input line 56.
LaTeX Font Info:    Overwriting math alphabet `\mathit' in version `bold'
(Font)                  T1/aess/m/it --> T1/aess/bx/it on input line 56.
LaTeX Font Info:    Overwriting math alphabet `\mathtt' in version `bold'
(Font)                  T1/aett/m/n --> T1/aett/bx/n on input line 56.

(/usr/local/texlive/2015/texmf-dist/tex/latex/beamer/translator/dicts/translato
r-basic-dictionary/translator-basic-dictionary-English.dict
Dictionary: translator-basic-dictionary, Language: English 
)
(/usr/local/texlive/2015/texmf-dist/tex/latex/beamer/translator/dicts/translato
r-bibliography-dictionary/translator-bibliography-dictionary-English.dict
Dictionary: translator-bibliography-dictionary, Language: English 
)
(/usr/local/texlive/2015/texmf-dist/tex/latex/beamer/translator/dicts/translato
r-environment-dictionary/translator-environment-dictionary-English.dict
Dictionary: translator-environment-dictionary, Language: English 
)
(/usr/local/texlive/2015/texmf-dist/tex/latex/beamer/translator/dicts/translato
r-months-dictionary/translator-months-dictionary-English.dict
Dictionary: translator-months-dictionary, Language: English 
)
(/usr/local/texlive/2015/texmf-dist/tex/latex/beamer/translator/dicts/translato
r-numbers-dictionary/translator-numbers-dictionary-English.dict
Dictionary: translator-numbers-dictionary, Language: English 
)
(/usr/local/texlive/2015/texmf-dist/tex/latex/beamer/translator/dicts/translato
r-theorem-dictionary/translator-theorem-dictionary-English.dict
Dictionary: translator-theorem-dictionary, Language: English 
)
LaTeX Info: Redefining \includegraphics on input line 56.
Package marginnote Info: \pdfoutput not 0 and \pdflastxpos available.
(marginnote)             Extended position detection mode activated.
Package soulpos Info: Loading soulutf8 on input line 56.

(/usr/local/texlive/2015/texmf-dist/tex/generic/oberdiek/soulutf8.sty
Package: soulutf8 2007/09/09 v1.0 Permit use of UTF-8 characters in soul (HO)

(/usr/local/texlive/2015/texmf-dist/tex/latex/soul/soul.sty
Package: soul 2003/11/17 v2.4 letterspacing/underlining (mf)
\SOUL@word=\toks54
\SOUL@lasttoken=\toks55
\SOUL@cmds=\toks56
\SOUL@buffer=\toks57
\SOUL@token=\toks58
\SOUL@spaceskip=\skip78
\SOUL@ttwidth=\dimen226
\SOUL@uldp=\dimen227
\SOUL@ulht=\dimen228
))
(./Rbasic_Day1.nav) (./Rbasic_Day1-concordance.tex)
\fancyvrbtopsep=\skip79
\fancyvrbpartopsep=\skip80
LaTeX Font Info:    Try loading font information for U+msa on input line 71.

(/usr/local/texlive/2015/texmf-dist/tex/latex/amsfonts/umsa.fd
File: umsa.fd 2013/01/14 v3.01 AMS symbols A
)
LaTeX Font Info:    Try loading font information for U+msb on input line 71.

(/usr/local/texlive/2015/texmf-dist/tex/latex/amsfonts/umsb.fd
File: umsb.fd 2013/01/14 v3.01 AMS symbols B
)
LaTeX Font Info:    Font shape `T1/aess/m/it' in size <10> not available
(Font)              Font shape `T1/aess/m/sl' tried instead on input line 71.
LaTeX Font Info:    Font shape `T1/aess/m/it' in size <7> not available
(Font)              Font shape `T1/aess/m/sl' tried instead on input line 71.
LaTeX Font Info:    Font shape `T1/aess/m/it' in size <5> not available
(Font)              Font shape `T1/aess/m/sl' tried instead on input line 71.
LaTeX Font Info:    Font shape `T1/aess/m/it' in size <8> not available
(Font)              Font shape `T1/aess/m/sl' tried instead on input line 71.

Overfull \vbox (44.5352pt too high) detected at line 71
 []

[1

\openout5 = `Rbasic_Day1.upa'.

{/usr/local/texlive/2015/texmf-var/fonts/map/pdftex/updmap/pdftex.map}]
(./Rbasic_Day1.toc) [2

] [3

]
LaTeX Font Info:    Font shape `T1/aess/m/it' in size <10.95> not available
(Font)              Font shape `T1/aess/m/sl' tried instead on input line 96.
LaTeX Font Info:    Font shape `T1/aess/m/it' in size <6> not available
(Font)              Font shape `T1/aess/m/sl' tried instead on input line 96.
 [4

]
LaTeX Font Info:    Try loading font information for T1+aett on input line 111.


(/usr/local/texlive/2015/texmf-dist/tex/latex/ae/t1aett.fd
File: t1aett.fd 1997/11/16 Font definitions for T1/aett.
)
LaTeX Font Info:    Try loading font information for TS1+aess on input line 111
.
LaTeX Font Info:    No file TS1aess.fd. on input line 111.


LaTeX Font Warning: Font shape `TS1/aess/m/n' undefined
(Font)              using `TS1/cmr/m/n' instead
(Font)              for symbol `textbullet' on input line 111.

[5

] <figures/R-project.png, id=104, 1040.88875pt x 749.80125pt>
File: figures/R-project.png Graphic file (type png)

<use figures/R-project.png>
Package pdftex.def Info: figures/R-project.png used on input line 120.
(pdftex.def)             Requested size: 260.22154pt x 187.44984pt.

Overfull \vbox (2.03136pt too high) detected at line 120
 []

[6

 <./figures/R-project.png>] [7

]
\openout4 = `Rbasic_Day1.vrb'.

 (./Rbasic_Day1.vrb) [8

]
<figures/Rstudio_overview.png, id=131, 1424.32124pt x 863.225pt>
File: figures/Rstudio_overview.png Graphic file (type png)

<use figures/Rstudio_overview.png>
Package pdftex.def Info: figures/Rstudio_overview.png used on input line 171.
(pdftex.def)             Requested size: 1994.0362pt x 1208.50679pt.
 [9

 <./figures/Rstudio_overview.png>]
<figures/RStudio_console.png, id=138, 791.95876pt x 408.52625pt>
File: figures/RStudio_console.png Graphic file (type png)

<use figures/RStudio_console.png>
Package pdftex.def Info: figures/RStudio_console.png used on input line 180.
(pdftex.def)             Requested size: 312.9803pt x 161.45026pt.

Overfull \hbox (5.69043pt too wide) in paragraph at lines 180--180
 [][] 
 []


Overfull \vbox (1.05736pt too high) detected at line 180
 []

[10

 <./figures/RStudio_console.png>]
<figures/RStudio_script.png, id=145, 634.37pt x 403.5075pt>
File: figures/RStudio_script.png Graphic file (type png)

<use figures/RStudio_script.png>
Package pdftex.def Info: figures/RStudio_script.png used on input line 189.
(pdftex.def)             Requested size: 284.52756pt x 180.98563pt.

Overfull \vbox (22.71696pt too high) detected at line 189
 []

[11

 <./figures/RStudio_script.png>]
<figures/RStudio_environment.png, id=152, 639.38875pt x 420.57124pt>
File: figures/RStudio_environment.png Graphic file (type png)

<use figures/RStudio_environment.png>
Package pdftex.def Info: figures/RStudio_environment.png used on input line 198
.
(pdftex.def)             Requested size: 284.52756pt x 187.15681pt.

Overfull \vbox (24.88815pt too high) detected at line 198
 []

[12

 <./figures/RStudio_environment.png>]
<figures/RStudio_plot.png, id=159, 787.94376pt x 414.54875pt>
File: figures/RStudio_plot.png Graphic file (type png)

<use figures/RStudio_plot.png>
Package pdftex.def Info: figures/RStudio_plot.png used on input line 207.
(pdftex.def)             Requested size: 284.52756pt x 149.69287pt.
 [13

 <./figures/RStudio_plot.png>]
<figures/RStudio_help.png, id=167, 790.955pt x 418.56375pt>
File: figures/RStudio_help.png Graphic file (type png)

<use figures/RStudio_help.png>
Package pdftex.def Info: figures/RStudio_help.png used on input line 216.
(pdftex.def)             Requested size: 284.52756pt x 150.56786pt.
 [14

 <./figures/RStudio_help.png>]
<figures/RStudio_option.png, id=174, 477.785pt x 484.81125pt>
File: figures/RStudio_option.png Graphic file (type png)

<use figures/RStudio_option.png>
Package pdftex.def Info: figures/RStudio_option.png used on input line 225.
(pdftex.def)             Requested size: 199.16928pt x 202.09541pt.

Overfull \vbox (31.60257pt too high) detected at line 225
 []

[15

 <./figures/RStudio_option.png>] [16

]
\openout4 = `Rbasic_Day1.vrb'.

 (./Rbasic_Day1.vrb) [17

]
\openout4 = `Rbasic_Day1.vrb'.


(./Rbasic_Day1.vrb) [18

]
\openout4 = `Rbasic_Day1.vrb'.

 (./Rbasic_Day1.vrb)
Overfull \vbox (19.03627pt too high) detected at line 318
 []

[19

]
\openout4 = `Rbasic_Day1.vrb'.

 (./Rbasic_Day1.vrb) [20

]
\openout4 = `Rbasic_Day1.vrb'.

 (./Rbasic_Day1.vrb) [21

]
\openout4 = `Rbasic_Day1.vrb'.

 (./Rbasic_Day1.vrb)
[22

] [23

]
\openout4 = `Rbasic_Day1.vrb'.

 (./Rbasic_Day1.vrb) [24

]
\openout4 = `Rbasic_Day1.vrb'.

 (./Rbasic_Day1.vrb) [25

]
\openout4 = `Rbasic_Day1.vrb'.

 (./Rbasic_Day1.vrb) [26

] (./Rbasic_Day1.vrb) [27

]
\openout4 = `Rbasic_Day1.vrb'.

 (./Rbasic_Day1.vrb) [28

]
\openout4 = `Rbasic_Day1.vrb'.

 (./Rbasic_Day1.vrb)
[29

] (./Rbasic_Day1.vrb) [30

]
\openout4 = `Rbasic_Day1.vrb'.

 (./Rbasic_Day1.vrb) [31

] (./Rbasic_Day1.vrb)
[32

]
\openout4 = `Rbasic_Day1.vrb'.

 (./Rbasic_Day1.vrb) [33

] (./Rbasic_Day1.vrb) [34

]
\openout4 = `Rbasic_Day1.vrb'.

 (./Rbasic_Day1.vrb)
[35

] (./Rbasic_Day1.vrb) [36

]
\openout4 = `Rbasic_Day1.vrb'.

 (./Rbasic_Day1.vrb)
Overfull \vbox (2.44633pt too high) detected at line 566
 []

[37

] (./Rbasic_Day1.vrb)
Overfull \vbox (2.44633pt too high) detected at line 566
 []

[38

]
\openout4 = `Rbasic_Day1.vrb'.

 (./Rbasic_Day1.vrb) [39

]
\openout4 = `Rbasic_Day1.vrb'.

 (./Rbasic_Day1.vrb)
Overfull \vbox (2.44633pt too high) detected at line 615
 []

[40

]
\openout4 = `Rbasic_Day1.vrb'.

 (./Rbasic_Day1.vrb) [41

] (./Rbasic_Day1.vrb) [42

]
\openout4 = `Rbasic_Day1.vrb'.

 (./Rbasic_Day1.vrb)
[43

] (./Rbasic_Day1.vrb) [44

]
\openout4 = `Rbasic_Day1.vrb'.

 (./Rbasic_Day1.vrb) [45

] (./Rbasic_Day1.vrb)
[46

]
\openout4 = `Rbasic_Day1.vrb'.

 (./Rbasic_Day1.vrb) [47

] (./Rbasic_Day1.vrb) [48

]
\openout4 = `Rbasic_Day1.vrb'.

 (./Rbasic_Day1.vrb)
[49

] (./Rbasic_Day1.vrb) [50

]
\openout4 = `Rbasic_Day1.vrb'.

 (./Rbasic_Day1.vrb)
Overfull \vbox (5.51128pt too high) detected at line 761
 []

[51

] (./Rbasic_Day1.vrb)
Overfull \vbox (5.51128pt too high) detected at line 761
 []

[52

]
\openout4 = `Rbasic_Day1.vrb'.

 (./Rbasic_Day1.vrb) [53

]
\openout4 = `Rbasic_Day1.vrb'.

 (./Rbasic_Day1.vrb)
Overfull \vbox (12.34636pt too high) detected at line 815
 []

[54

]
\openout4 = `Rbasic_Day1.vrb'.

 (./Rbasic_Day1.vrb
Overfull \hbox (21.90005pt too wide) in paragraph at lines 3--7
[]  
 []


Overfull \hbox (21.90005pt too wide) in paragraph at lines 15--15
[]  
 []


Overfull \hbox (21.90005pt too wide) in paragraph at lines 18--22
[]  
 []


Overfull \hbox (21.90005pt too wide) in paragraph at lines 38--38
[]  
 []

) [55

]
\openout4 = `Rbasic_Day1.vrb'.

 (./Rbasic_Day1.vrb) [56

]
\openout4 = `Rbasic_Day1.vrb'.

 (./Rbasic_Day1.vrb) [57

]
\openout4 = `Rbasic_Day1.vrb'.

 (./Rbasic_Day1.vrb
Overfull \hbox (21.90005pt too wide) in paragraph at lines 5--9
[]  
 []


Overfull \hbox (21.90005pt too wide) in paragraph at lines 18--18
[]  
 []


Overfull \hbox (21.90005pt too wide) in paragraph at lines 21--25
[]  
 []


Overfull \hbox (21.90005pt too wide) in paragraph at lines 34--34
[]  
 []

)
Overfull \vbox (11.45107pt too high) detected at line 942
 []

[58

] (./Rbasic_Day1.vrb
Overfull \hbox (21.90005pt too wide) in paragraph at lines 5--9
[]  
 []


Overfull \hbox (21.90005pt too wide) in paragraph at lines 18--18
[]  
 []


Overfull \hbox (21.90005pt too wide) in paragraph at lines 21--25
[]  
 []


Overfull \hbox (21.90005pt too wide) in paragraph at lines 34--34
[]  
 []

)
Overfull \vbox (11.45107pt too high) detected at line 942
 []

[59

]
\openout4 = `Rbasic_Day1.vrb'.

 (./Rbasic_Day1.vrb
Overfull \hbox (21.90005pt too wide) in paragraph at lines 5--9
[]  
 []


Overfull \hbox (21.90005pt too wide) in paragraph at lines 18--18
[]  
 []


Overfull \hbox (21.90005pt too wide) in paragraph at lines 21--25
[]  
 []


Overfull \hbox (21.90005pt too wide) in paragraph at lines 40--40
[]  
 []

) [60

] (./Rbasic_Day1.vrb
Overfull \hbox (21.90005pt too wide) in paragraph at lines 5--9
[]  
 []


Overfull \hbox (21.90005pt too wide) in paragraph at lines 18--18
[]  
 []


Overfull \hbox (21.90005pt too wide) in paragraph at lines 21--25
[]  
 []


Overfull \hbox (21.90005pt too wide) in paragraph at lines 40--40
[]  
 []

) [61

]
\openout4 = `Rbasic_Day1.vrb'.

 (./Rbasic_Day1.vrb
Overfull \hbox (21.90005pt too wide) in paragraph at lines 5--9
[]  
 []


Overfull \hbox (21.90005pt too wide) in paragraph at lines 17--17
[]  
 []

) [62

] [63

]
\openout4 = `Rbasic_Day1.vrb'.

 (./Rbasic_Day1.vrb)
Overfull \vbox (1.72621pt too high) detected at line 1038
 []

[64

] (./Rbasic_Day1.vrb)
Overfull \vbox (1.72621pt too high) detected at line 1038
 []

[65

] (./Rbasic_Day1.vrb)
Overfull \vbox (1.72621pt too high) detected at line 1038
 []

[66

] (./Rbasic_Day1.vrb)
Overfull \vbox (1.72621pt too high) detected at line 1038
 []

[67

] (./Rbasic_Day1.vrb)
Overfull \vbox (1.72621pt too high) detected at line 1038
 []

[68

]
\openout4 = `Rbasic_Day1.vrb'.

 (./Rbasic_Day1.vrb) [69

]
\openout4 = `Rbasic_Day1.vrb'.

 (./Rbasic_Day1.vrb) [70

]

LaTeX Font Warning: Font shape `T1/aess/m/sc' undefined
(Font)              using `T1/aess/m/n' instead on input line 1077.

[71

]
\openout4 = `Rbasic_Day1.vrb'.

 (./Rbasic_Day1.vrb) [72

]
\openout4 = `Rbasic_Day1.vrb'.

 (./Rbasic_Day1.vrb
<figures/hw_tidy1.png, id=479, 561.09625pt x 308.15125pt>
File: figures/hw_tidy1.png Graphic file (type png)

<use figures/hw_tidy1.png>
Package pdftex.def Info: figures/hw_tidy1.png used on input line 10.
(pdftex.def)             Requested size: 140.27371pt x 77.03761pt.
)
Overfull \vbox (14.71878pt too high) detected at line 1104
 []

[73

 <./figures/hw_tidy1.png>] (./Rbasic_Day1.vrb
File: figures/hw_tidy1.png Graphic file (type png)
 <use figures/hw_tidy1.png>
Package pdftex.def Info: figures/hw_tidy1.png used on input line 10.
(pdftex.def)             Requested size: 140.27371pt x 77.03761pt.
)
Overfull \vbox (14.71878pt too high) detected at line 1104
 []

[74

]
\openout4 = `Rbasic_Day1.vrb'.

 (./Rbasic_Day1.vrb
File: figures/hw_tidy1.png Graphic file (type png)
 <use figures/hw_tidy1.png>
Package pdftex.def Info: figures/hw_tidy1.png used on input line 12.
(pdftex.def)             Requested size: 140.27371pt x 77.03761pt.
)
Overfull \vbox (28.5187pt too high) detected at line 1121
 []

[75

] (./Rbasic_Day1.vrb
File: figures/hw_tidy1.png Graphic file (type png)
 <use figures/hw_tidy1.png>
Package pdftex.def Info: figures/hw_tidy1.png used on input line 12.
(pdftex.def)             Requested size: 140.27371pt x 77.03761pt.
)
Overfull \vbox (28.5187pt too high) detected at line 1121
 []

[76

] (./Rbasic_Day1.vrb
File: figures/hw_tidy1.png Graphic file (type png)
 <use figures/hw_tidy1.png>
Package pdftex.def Info: figures/hw_tidy1.png used on input line 12.
(pdftex.def)             Requested size: 140.27371pt x 77.03761pt.
)
Overfull \vbox (28.5187pt too high) detected at line 1121
 []

[77

] (./Rbasic_Day1.vrb
File: figures/hw_tidy1.png Graphic file (type png)
 <use figures/hw_tidy1.png>
Package pdftex.def Info: figures/hw_tidy1.png used on input line 12.
(pdftex.def)             Requested size: 140.27371pt x 77.03761pt.
)
Overfull \vbox (28.5187pt too high) detected at line 1121
 []

[78

]
\openout4 = `Rbasic_Day1.vrb'.

 (./Rbasic_Day1.vrb
<figures/hw_tidy2.png, id=512, 783.92876pt x 243.91125pt>
File: figures/hw_tidy2.png Graphic file (type png)

<use figures/hw_tidy2.png>
Package pdftex.def Info: figures/hw_tidy2.png used on input line 12.
(pdftex.def)             Requested size: 195.9817pt x 60.97766pt.
)
Overfull \vbox (11.39449pt too high) detected at line 1138
 []

[79

 <./figures/hw_tidy2.png>]
\openout4 = `Rbasic_Day1.vrb'.

 (./Rbasic_Day1.vrb) [80

] (./Rbasic_Day1.vrb)
[81

] (./Rbasic_Day1.vrb) [82

] (./Rbasic_Day1.vrb) [83

] (./Rbasic_Day1.vrb)
[84

]
\openout4 = `Rbasic_Day1.vrb'.

 (./Rbasic_Day1.vrb
LaTeX Font Info:    Font shape `T1/aess/m/it' in size <12> not available
(Font)              Font shape `T1/aess/m/sl' tried instead on input line 2.

<figures/hw_tidy3-1.png, id=545, 808.01875pt x 359.3425pt>
File: figures/hw_tidy3-1.png Graphic file (type png)

<use figures/hw_tidy3-1.png>
Package pdftex.def Info: figures/hw_tidy3-1.png used on input line 5.
(pdftex.def)             Requested size: 3636.07553pt x 1617.03726pt.
) [85

 <./figures/hw_tidy3-1.png>]
\openout4 = `Rbasic_Day1.vrb'.


(./Rbasic_Day1.vrb <figures/hw_tidy3-2.png, id=553, 400.49625pt x 298.11375pt>
File: figures/hw_tidy3-2.png Graphic file (type png)

<use figures/hw_tidy3-2.png>
Package pdftex.def Info: figures/hw_tidy3-2.png used on input line 5.
(pdftex.def)             Requested size: 100.12381pt x 74.52824pt.
)
Overfull \vbox (13.71573pt too high) detected at line 1174
 []

[86

 <./figures/hw_tidy3-2.png>]
\openout4 = `Rbasic_Day1.vrb'.

 (./Rbasic_Day1.vrb
<figures/hw_tidy4.png, id=560, 698.61pt x 434.62375pt>
File: figures/hw_tidy4.png Graphic file (type png)

<use figures/hw_tidy4.png>
Package pdftex.def Info: figures/hw_tidy4.png used on input line 5.
(pdftex.def)             Requested size: 245.83282pt x 152.9363pt.
) [87

 <./figures/hw_tidy4.png>]
\openout4 = `Rbasic_Day1.vrb'.

 (./Rbasic_Day1.vrb
<figures/hw_tidy5.png, id=567, 769.87625pt x 308.15125pt>
File: figures/hw_tidy5.png Graphic file (type png)

<use figures/hw_tidy5.png>
Package pdftex.def Info: figures/hw_tidy5.png used on input line 5.
(pdftex.def)             Requested size: 245.83282pt x 98.39882pt.
) [88

 <./figures/hw_tidy5.png>]
\openout4 = `Rbasic_Day1.vrb'.

 (./Rbasic_Day1.vrb)
[89

] (./Rbasic_Day1.vrb) [90

]
\openout4 = `Rbasic_Day1.vrb'.

 (./Rbasic_Day1.vrb) [91

]
\openout4 = `Rbasic_Day1.vrb'.

 (./Rbasic_Day1.vrb
Overfull \hbox (21.90005pt too wide) in paragraph at lines 4--8
[]  
 []


Overfull \hbox (21.90005pt too wide) in paragraph at lines 13--13
[]  
 []


Overfull \hbox (21.90005pt too wide) in paragraph at lines 17--21
[]  
 []

LaTeX Font Info:    Try loading font information for TS1+aett on input line 22.

(/usr/local/texlive/2015/texmf-dist/tex/latex/Sweave/tex/latex/ts1aett.fd
File: ts1aett.fd 
)
LaTeX Font Info:    Try loading font information for TS1+cmtt on input line 22.


(/usr/local/texlive/2015/texmf-dist/tex/latex/base/ts1cmtt.fd
File: ts1cmtt.fd 2014/09/29 v2.5h Standard LaTeX font definitions
)
LaTeX Font Info:    Font shape `TS1/aett/m/sl' in size <8> not available
(Font)              Font shape `TS1/cmtt/m/sl' tried instead on input line 22.

Overfull \hbox (21.90005pt too wide) in paragraph at lines 28--28
[]  
 []


Overfull \hbox (21.90005pt too wide) in paragraph at lines 32--36
[]  
 []


Overfull \hbox (21.90005pt too wide) in paragraph at lines 40--40
[]  
 []

) [92

] (./Rbasic_Day1.vrb
Overfull \hbox (21.90005pt too wide) in paragraph at lines 4--8
[]  
 []


Overfull \hbox (21.90005pt too wide) in paragraph at lines 13--13
[]  
 []


Overfull \hbox (21.90005pt too wide) in paragraph at lines 17--21
[]  
 []


Overfull \hbox (21.90005pt too wide) in paragraph at lines 28--28
[]  
 []


Overfull \hbox (21.90005pt too wide) in paragraph at lines 32--36
[]  
 []


Overfull \hbox (21.90005pt too wide) in paragraph at lines 40--40
[]  
 []

) [93

] (./Rbasic_Day1.vrb
Overfull \hbox (21.90005pt too wide) in paragraph at lines 4--8
[]  
 []


Overfull \hbox (21.90005pt too wide) in paragraph at lines 13--13
[]  
 []


Overfull \hbox (21.90005pt too wide) in paragraph at lines 17--21
[]  
 []


Overfull \hbox (21.90005pt too wide) in paragraph at lines 28--28
[]  
 []


Overfull \hbox (21.90005pt too wide) in paragraph at lines 32--36
[]  
 []


Overfull \hbox (21.90005pt too wide) in paragraph at lines 40--40
[]  
 []

) [94

]
\openout4 = `Rbasic_Day1.vrb'.

 (./Rbasic_Day1.vrb
Overfull \hbox (21.90005pt too wide) in paragraph at lines 5--9
[]  
 []


Overfull \hbox (21.90005pt too wide) in paragraph at lines 16--16
[]  
 []


Overfull \hbox (21.90005pt too wide) in paragraph at lines 19--25
[] 
 []


Overfull \hbox (21.90005pt too wide) in paragraph at lines 50--50
[]  
 []

)
Overfull \vbox (18.25107pt too high) detected at line 1336
 []

[95

]
\openout4 = `Rbasic_Day1.vrb'.

 (./Rbasic_Day1.vrb

LaTeX Font Warning: Font shape `T1/aett/bx/n' undefined
(Font)              using `T1/aett/m/n' instead on input line 6.


Overfull \hbox (21.90005pt too wide) in paragraph at lines 6--12
[] 
 []


Overfull \hbox (21.90005pt too wide) in paragraph at lines 27--27
[]  
 []

)
Overfull \vbox (2.01616pt too high) detected at line 1374
 []

[96

]
\openout4 = `Rbasic_Day1.vrb'.

 (./Rbasic_Day1.vrb
Overfull \hbox (21.90005pt too wide) in paragraph at lines 5--9
[]  
 []


Overfull \hbox (21.90005pt too wide) in paragraph at lines 28--28
[]  
 []


Overfull \hbox (21.90005pt too wide) in paragraph at lines 31--35
[]  
 []


Overfull \hbox (21.90005pt too wide) in paragraph at lines 42--42
[]  
 []

) [97

]
\openout4 = `Rbasic_Day1.vrb'.

 (./Rbasic_Day1.vrb
Overfull \hbox (21.90005pt too wide) in paragraph at lines 6--10
[]  
 []

LaTeX Font Info:    Font shape `TS1/aett/m/sl' in size <6> not available
(Font)              Font shape `TS1/cmtt/m/sl' tried instead on input line 11.

Overfull \hbox (21.90005pt too wide) in paragraph at lines 20--20
[]  
 []


Overfull \hbox (21.90005pt too wide) in paragraph at lines 23--27
[]  
 []


Overfull \hbox (21.90005pt too wide) in paragraph at lines 38--38
[]  
 []

) [98

]
\openout4 = `Rbasic_Day1.vrb'.

 (./Rbasic_Day1.vrb
Overfull \hbox (21.90005pt too wide) in paragraph at lines 5--9
[]  
 []


Overfull \hbox (21.90005pt too wide) in paragraph at lines 34--34
[]  
 []

) [99

]
\openout4 = `Rbasic_Day1.vrb'.

 (./Rbasic_Day1.vrb
Overfull \hbox (21.90005pt too wide) in paragraph at lines 8--12
[]  
 []


Overfull \hbox (21.90005pt too wide) in paragraph at lines 38--38
[][]  
 []

) [100

]
\openout4 = `Rbasic_Day1.vrb'.

 (./Rbasic_Day1.vrb
Overfull \hbox (21.90005pt too wide) in paragraph at lines 7--13
[] 
 []


Overfull \hbox (21.90005pt too wide) in paragraph at lines 44--44
[]  
 []

) [101

]
\openout4 = `Rbasic_Day1.vrb'.

 (./Rbasic_Day1.vrb
Overfull \hbox (21.90005pt too wide) in paragraph at lines 6--12
[] 
 []


Overfull \hbox (21.90005pt too wide) in paragraph at lines 26--26
[][]  
 []

) [102

]
\openout4 = `Rbasic_Day1.vrb'.

 (./Rbasic_Day1.vrb
Overfull \hbox (21.90005pt too wide) in paragraph at lines 5--11
[] 
 []


Overfull \hbox (21.90005pt too wide) in paragraph at lines 51--51
[][]  
 []

)
Overfull \vbox (2.57608pt too high) detected at line 1695
 []

[103

]
\openout4 = `Rbasic_Day1.vrb'.

 (./Rbasic_Day1.vrb) [104

]
\openout4 = `Rbasic_Day1.vrb'.

 (./Rbasic_Day1.vrb) [105

]
\openout4 = `Rbasic_Day1.vrb'.

 (./Rbasic_Day1.vrb)
Overfull \vbox (17.31618pt too high) detected at line 1746
 []

[106

]
\openout4 = `Rbasic_Day1.vrb'.

 (./Rbasic_Day1.vrb
Overfull \hbox (21.90005pt too wide) in paragraph at lines 5--6
[]  
 []


Overfull \hbox (21.90005pt too wide) in paragraph at lines 35--35
[][]  
 []

) [107

]
\openout4 = `Rbasic_Day1.vrb'.

 (./Rbasic_Day1.vrb
Overfull \hbox (21.90005pt too wide) in paragraph at lines 5--7
[]  
 []


Overfull \hbox (21.90005pt too wide) in paragraph at lines 19--19
[]  
 []


Overfull \hbox (21.90005pt too wide) in paragraph at lines 22--24
[]  
 []


Overfull \hbox (21.90005pt too wide) in paragraph at lines 77--77
[]  
 []

)
Overfull \vbox (30.3509pt too high) detected at line 1872
 []

[108

] (./Rbasic_Day1.vrb
Overfull \hbox (21.90005pt too wide) in paragraph at lines 5--7
[]  
 []


Overfull \hbox (21.90005pt too wide) in paragraph at lines 19--19
[]  
 []


Overfull \hbox (21.90005pt too wide) in paragraph at lines 22--24
[]  
 []


Overfull \hbox (21.90005pt too wide) in paragraph at lines 77--77
[]  
 []

)
Overfull \vbox (30.3509pt too high) detected at line 1872
 []

[109

] (./Rbasic_Day1.vrb
Overfull \hbox (21.90005pt too wide) in paragraph at lines 5--7
[]  
 []


Overfull \hbox (21.90005pt too wide) in paragraph at lines 19--19
[]  
 []


Overfull \hbox (21.90005pt too wide) in paragraph at lines 22--24
[]  
 []


Overfull \hbox (21.90005pt too wide) in paragraph at lines 77--77
[]  
 []

)
Overfull \vbox (30.3509pt too high) detected at line 1872
 []

[110

] (./Rbasic_Day1.vrb
Overfull \hbox (21.90005pt too wide) in paragraph at lines 5--7
[]  
 []


Overfull \hbox (21.90005pt too wide) in paragraph at lines 19--19
[]  
 []


Overfull \hbox (21.90005pt too wide) in paragraph at lines 22--24
[]  
 []


Overfull \hbox (21.90005pt too wide) in paragraph at lines 77--77
[]  
 []

)
Overfull \vbox (30.3509pt too high) detected at line 1872
 []

[111

] (./Rbasic_Day1.vrb
Overfull \hbox (21.90005pt too wide) in paragraph at lines 5--7
[]  
 []


Overfull \hbox (21.90005pt too wide) in paragraph at lines 19--19
[]  
 []


Overfull \hbox (21.90005pt too wide) in paragraph at lines 22--24
[]  
 []


Overfull \hbox (21.90005pt too wide) in paragraph at lines 77--77
[]  
 []

)
Overfull \vbox (30.3509pt too high) detected at line 1872
 []

[112

]
\openout4 = `Rbasic_Day1.vrb'.

 (./Rbasic_Day1.vrb
Overfull \hbox (21.90005pt too wide) in paragraph at lines 5--7
[]  
 []


Overfull \hbox (21.90005pt too wide) in paragraph at lines 19--19
[]  
 []


Overfull \hbox (21.90005pt too wide) in paragraph at lines 22--24
[]  
 []


Overfull \hbox (21.90005pt too wide) in paragraph at lines 39--39
[]  
 []


Overfull \hbox (21.90005pt too wide) in paragraph at lines 42--44
[]  
 []


Overfull \hbox (21.90005pt too wide) in paragraph at lines 56--56
[]  
 []

) [113

] (./Rbasic_Day1.vrb
Overfull \hbox (21.90005pt too wide) in paragraph at lines 5--7
[]  
 []


Overfull \hbox (21.90005pt too wide) in paragraph at lines 19--19
[]  
 []


Overfull \hbox (21.90005pt too wide) in paragraph at lines 22--24
[]  
 []


Overfull \hbox (21.90005pt too wide) in paragraph at lines 39--39
[]  
 []


Overfull \hbox (21.90005pt too wide) in paragraph at lines 42--44
[]  
 []


Overfull \hbox (21.90005pt too wide) in paragraph at lines 56--56
[]  
 []

) [114

] (./Rbasic_Day1.vrb
Overfull \hbox (21.90005pt too wide) in paragraph at lines 5--7
[]  
 []


Overfull \hbox (21.90005pt too wide) in paragraph at lines 19--19
[]  
 []


Overfull \hbox (21.90005pt too wide) in paragraph at lines 22--24
[]  
 []


Overfull \hbox (21.90005pt too wide) in paragraph at lines 39--39
[]  
 []


Overfull \hbox (21.90005pt too wide) in paragraph at lines 42--44
[]  
 []


Overfull \hbox (21.90005pt too wide) in paragraph at lines 56--56
[]  
 []

) [115

] (./Rbasic_Day1.vrb
Overfull \hbox (21.90005pt too wide) in paragraph at lines 5--7
[]  
 []


Overfull \hbox (21.90005pt too wide) in paragraph at lines 19--19
[]  
 []


Overfull \hbox (21.90005pt too wide) in paragraph at lines 22--24
[]  
 []


Overfull \hbox (21.90005pt too wide) in paragraph at lines 39--39
[]  
 []


Overfull \hbox (21.90005pt too wide) in paragraph at lines 42--44
[]  
 []


Overfull \hbox (21.90005pt too wide) in paragraph at lines 56--56
[]  
 []

) [116

] (./Rbasic_Day1.vrb
Overfull \hbox (21.90005pt too wide) in paragraph at lines 5--7
[]  
 []


Overfull \hbox (21.90005pt too wide) in paragraph at lines 19--19
[]  
 []


Overfull \hbox (21.90005pt too wide) in paragraph at lines 22--24
[]  
 []


Overfull \hbox (21.90005pt too wide) in paragraph at lines 39--39
[]  
 []


Overfull \hbox (21.90005pt too wide) in paragraph at lines 42--44
[]  
 []


Overfull \hbox (21.90005pt too wide) in paragraph at lines 56--56
[]  
 []

) [117

] (./Rbasic_Day1.vrb
Overfull \hbox (21.90005pt too wide) in paragraph at lines 5--7
[]  
 []


Overfull \hbox (21.90005pt too wide) in paragraph at lines 19--19
[]  
 []


Overfull \hbox (21.90005pt too wide) in paragraph at lines 22--24
[]  
 []


Overfull \hbox (21.90005pt too wide) in paragraph at lines 39--39
[]  
 []


Overfull \hbox (21.90005pt too wide) in paragraph at lines 42--44
[]  
 []


Overfull \hbox (21.90005pt too wide) in paragraph at lines 56--56
[]  
 []

) [118

]
\openout4 = `Rbasic_Day1.vrb'.

 (./Rbasic_Day1.vrb
Overfull \hbox (21.90005pt too wide) in paragraph at lines 5--7
[]  
 []


Overfull \hbox (21.90005pt too wide) in paragraph at lines 21--21
[]  
 []


Overfull \hbox (21.90005pt too wide) in paragraph at lines 24--26
[]  
 []


Overfull \hbox (21.90005pt too wide) in paragraph at lines 53--53
[]  
 []

) [119

] (./Rbasic_Day1.vrb
Overfull \hbox (21.90005pt too wide) in paragraph at lines 5--7
[]  
 []


Overfull \hbox (21.90005pt too wide) in paragraph at lines 21--21
[]  
 []


Overfull \hbox (21.90005pt too wide) in paragraph at lines 24--26
[]  
 []


Overfull \hbox (21.90005pt too wide) in paragraph at lines 53--53
[]  
 []

) [120

] (./Rbasic_Day1.vrb
Overfull \hbox (21.90005pt too wide) in paragraph at lines 5--7
[]  
 []


Overfull \hbox (21.90005pt too wide) in paragraph at lines 21--21
[]  
 []


Overfull \hbox (21.90005pt too wide) in paragraph at lines 24--26
[]  
 []


Overfull \hbox (21.90005pt too wide) in paragraph at lines 53--53
[]  
 []

) [121

] (./Rbasic_Day1.vrb
Overfull \hbox (21.90005pt too wide) in paragraph at lines 5--7
[]  
 []


Overfull \hbox (21.90005pt too wide) in paragraph at lines 21--21
[]  
 []


Overfull \hbox (21.90005pt too wide) in paragraph at lines 24--26
[]  
 []


Overfull \hbox (21.90005pt too wide) in paragraph at lines 53--53
[]  
 []

) [122

] [123

]
\openout4 = `Rbasic_Day1.vrb'.

 (./Rbasic_Day1.vrb) [124

]
\openout4 = `Rbasic_Day1.vrb'.

 (./Rbasic_Day1.vrb) [125

]
\openout4 = `Rbasic_Day1.vrb'.


(./Rbasic_Day1.vrb) [126

]
\openout4 = `Rbasic_Day1.vrb'.

 (./Rbasic_Day1.vrb) [127

]
\openout4 = `Rbasic_Day1.vrb'.

 (./Rbasic_Day1.vrb
Overfull \hbox (21.90005pt too wide) in paragraph at lines 5--6
[]  
 []


Overfull \hbox (21.90005pt too wide) in paragraph at lines 528--528
[]  
 []

)
Overfull \vbox (3943.23024pt too high) detected at line 2674
 []

[128

]
\openout4 = `Rbasic_Day1.vrb'.

 (./Rbasic_Day1.vrb) [129

]
\openout4 = `Rbasic_Day1.vrb'.

 (./Rbasic_Day1.vrb
Overfull \hbox (21.90005pt too wide) in paragraph at lines 6--7
[]  
 []


Overfull \hbox (21.90005pt too wide) in paragraph at lines 38--38
[]  
 []

)
Overfull \vbox (26.90105pt too high) detected at line 2739
 []

[130

]
\openout4 = `Rbasic_Day1.vrb'.

 (./Rbasic_Day1.vrb) [131

]
\openout4 = `Rbasic_Day1.vrb'.

 (./Rbasic_Day1.vrb) [132

]
\openout4 = `Rbasic_Day1.vrb'.

 (./Rbasic_Day1.vrb)
[133

]
\openout4 = `Rbasic_Day1.vrb'.

 (./Rbasic_Day1.vrb) [134

]
\openout4 = `Rbasic_Day1.vrb'.

 (./Rbasic_Day1.vrb
Overfull \hbox (21.90005pt too wide) in paragraph at lines 9--11
[]  
 []


Overfull \hbox (21.90005pt too wide) in paragraph at lines 38--38
[]  
 []

)
Overfull \vbox (35.35103pt too high) detected at line 2840
 []

[135

] (./Rbasic_Day1.vrb
Overfull \hbox (21.90005pt too wide) in paragraph at lines 9--11
[]  
 []


Overfull \hbox (21.90005pt too wide) in paragraph at lines 38--38
[]  
 []

)
Overfull \vbox (35.35103pt too high) detected at line 2840
 []

[136

]
\openout4 = `Rbasic_Day1.vrb'.

 (./Rbasic_Day1.vrb <figures/dp1.png, id=829, 949.5475pt x 179.67125pt>
File: figures/dp1.png Graphic file (type png)

<use figures/dp1.png>
Package pdftex.def Info: figures/dp1.png used on input line 5.
(pdftex.def)             Requested size: 245.83282pt x 46.51602pt.
) [137

 <./figures/dp1.png>] (./Rbasic_Day1.vrb
File: figures/dp1.png Graphic file (type png)

<use figures/dp1.png>
Package pdftex.def Info: figures/dp1.png used on input line 5.
(pdftex.def)             Requested size: 245.83282pt x 46.51602pt.
) [138

]
\openout4 = `Rbasic_Day1.vrb'.

 (./Rbasic_Day1.vrb
Overfull \hbox (21.90005pt too wide) in paragraph at lines 7--9
[]  
 []


Overfull \hbox (21.90005pt too wide) in paragraph at lines 36--36
[]  
 []

) [139

]
\openout4 = `Rbasic_Day1.vrb'.

 (./Rbasic_Day1.vrb
<figures/dp2.png, id=851, 938.50626pt x 312.16624pt>
File: figures/dp2.png Graphic file (type png)
 <use figures/dp2.png>
Package pdftex.def Info: figures/dp2.png used on input line 5.
(pdftex.def)             Requested size: 245.83282pt x 81.76624pt.
)
[140

 <./figures/dp2.png>]
\openout4 = `Rbasic_Day1.vrb'.

 (./Rbasic_Day1.vrb
<figures/dp3.png, id=859, 720.6925pt x 642.4pt>
File: figures/dp3.png Graphic file (type png)
 <use figures/dp3.png>
Package pdftex.def Info: figures/dp3.png used on input line 5.
(pdftex.def)             Requested size: 199.16928pt x 177.52805pt.
)
Overfull \vbox (7.29865pt too high) detected at line 2920
 []

[141

 <./figures/dp3.png>]
\openout4 = `Rbasic_Day1.vrb'.

 (./Rbasic_Day1.vrb
<figures/dp4.png, id=867, 626.34pt x 775.89874pt>
File: figures/dp4.png Graphic file (type png)
 <use figures/dp4.png>
Package pdftex.def Info: figures/dp4.png used on input line 5.
(pdftex.def)             Requested size: 170.71652pt x 211.47261pt.
)
Overfull \vbox (41.24321pt too high) detected at line 2930
 []

[142

 <./figures/dp4.png>]
\openout4 = `Rbasic_Day1.vrb'.

 (./Rbasic_Day1.vrb
<figures/dp5.png, id=875, 458.71375pt x 370.38374pt>
File: figures/dp5.png Graphic file (type png)
 <use figures/dp5.png>
Package pdftex.def Info: figures/dp5.png used on input line 5.
(pdftex.def)             Requested size: 245.83282pt x 198.49525pt.
)
Overfull \vbox (28.26585pt too high) detected at line 2940
 []

[143

 <./figures/dp5.png>]
\openout4 = `Rbasic_Day1.vrb'.

 (./Rbasic_Day1.vrb
<figures/dp6.png, id=883, 478.78876pt x 374.39874pt>
File: figures/dp6.png Graphic file (type png)
 <use figures/dp6.png>
Package pdftex.def Info: figures/dp6.png used on input line 5.
(pdftex.def)             Requested size: 245.83282pt x 192.23193pt.
)
Overfull \vbox (17.00253pt too high) detected at line 2950
 []

[144

 <./figures/dp6.png>]
\openout4 = `Rbasic_Day1.vrb'.

 (./Rbasic_Day1.vrb
<figures/dp7.png, id=891, 938.50626pt x 314.17375pt>
File: figures/dp7.png Graphic file (type png)
 <use figures/dp7.png>
Package pdftex.def Info: figures/dp7.png used on input line 5.
(pdftex.def)             Requested size: 245.83282pt x 82.29207pt.
)
[145

 <./figures/dp7.png>]
\openout4 = `Rbasic_Day1.vrb'.

 (./Rbasic_Day1.vrb
<figures/dp8.png, id=900, 452.69125pt x 545.03625pt>
File: figures/dp8.png Graphic file (type png)
 <use figures/dp8.png>
Package pdftex.def Info: figures/dp8.png used on input line 5.
(pdftex.def)             Requested size: 170.71652pt x 205.53578pt.
)
Overfull \vbox (35.30638pt too high) detected at line 2970
 []

[146

 <./figures/dp8.png>]
\openout4 = `Rbasic_Day1.vrb'.

 (./Rbasic_Day1.vrb) [147

]
\openout4 = `Rbasic_Day1.vrb'.

 (./Rbasic_Day1.vrb
Overfull \hbox (21.90005pt too wide) in paragraph at lines 5--6
[]  
 []


Overfull \hbox (21.90005pt too wide) in paragraph at lines 23--23
[]  
 []


Overfull \hbox (21.90005pt too wide) in paragraph at lines 25--26
[]  
 []


Overfull \hbox (21.90005pt too wide) in paragraph at lines 43--43
[]  
 []

) [148

]
\openout4 = `Rbasic_Day1.vrb'.

 (./Rbasic_Day1.vrb
Overfull \hbox (21.90005pt too wide) in paragraph at lines 6--7
[]  
 []


Overfull \hbox (21.90005pt too wide) in paragraph at lines 23--23
[]  
 []


Overfull \hbox (21.90005pt too wide) in paragraph at lines 25--26
[]  
 []


Overfull \hbox (21.90005pt too wide) in paragraph at lines 43--43
[]  
 []

) [149

]
\openout4 = `Rbasic_Day1.vrb'.

 (./Rbasic_Day1.vrb
Overfull \hbox (21.90005pt too wide) in paragraph at lines 6--7
[]  
 []


Overfull \hbox (21.90005pt too wide) in paragraph at lines 20--20
[]  
 []

) [150

]
\openout4 = `Rbasic_Day1.vrb'.

 (./Rbasic_Day1.vrb) [151

]
\openout4 = `Rbasic_Day1.vrb'.

 (./Rbasic_Day1.vrb) [152

]
\openout4 = `Rbasic_Day1.vrb'.

 (./Rbasic_Day1.vrb) [153

]
\openout4 = `Rbasic_Day1.vrb'.

 (./Rbasic_Day1.vrb) [154

]
\openout4 = `Rbasic_Day1.vrb'.

 (./Rbasic_Day1.vrb
Overfull \hbox (21.90005pt too wide) in paragraph at lines 7--8
[]  
 []


Overfull \hbox (21.90005pt too wide) in paragraph at lines 17--17
[]  
 []

) [155

]
\openout4 = `Rbasic_Day1.vrb'.

 (./Rbasic_Day1.vrb) [156

]
\openout4 = `Rbasic_Day1.vrb'.

 (./Rbasic_Day1.vrb) [157

] (./Rbasic_Day1.vrb) [158

] (./Rbasic_Day1.vrb) [159

]
\openout4 = `Rbasic_Day1.vrb'.

 (./Rbasic_Day1.vrb) [160

] (./Rbasic_Day1.vrb)
[161

]
\openout4 = `Rbasic_Day1.vrb'.

 (./Rbasic_Day1.vrb) [162

] (./Rbasic_Day1.vrb) [163

] (./Rbasic_Day1.vrb)
[164

] (./Rbasic_Day1.vrb) [165

]
\openout4 = `Rbasic_Day1.vrb'.

 (./Rbasic_Day1.vrb) [166

] (./Rbasic_Day1.vrb)
[167

] (./Rbasic_Day1.vrb) [168

]
\openout4 = `Rbasic_Day1.vrb'.

 (./Rbasic_Day1.vrb) [169

] (./Rbasic_Day1.vrb)
[170

] (./Rbasic_Day1.vrb) [171

] (./Rbasic_Day1.vrb) [172

] (./Rbasic_Day1.vrb)
[173

]
\openout4 = `Rbasic_Day1.vrb'.

 (./Rbasic_Day1.vrb) [174

] (./Rbasic_Day1.vrb) [175

] (./Rbasic_Day1.vrb)
[176

]
\openout4 = `Rbasic_Day1.vrb'.

 (./Rbasic_Day1.vrb) [177

]
\openout4 = `Rbasic_Day1.vrb'.

 (./Rbasic_Day1.vrb) [178

] (./Rbasic_Day1.vrb)
[179

]
\openout4 = `Rbasic_Day1.vrb'.

 (./Rbasic_Day1.vrb)
Overfull \vbox (23.70113pt too high) detected at line 3385
 []

[180

]
\openout4 = `Rbasic_Day1.vrb'.

 (./Rbasic_Day1.vrb) [181

]
\tf@nav=\write8
\openout8 = `Rbasic_Day1.nav'.

\tf@toc=\write9
\openout9 = `Rbasic_Day1.toc'.

\tf@snm=\write10
\openout10 = `Rbasic_Day1.snm'.

Package atveryend Info: Empty hook `BeforeClearDocument' on input line 3404.
Package atveryend Info: Empty hook `AfterLastShipout' on input line 3404.
 (./Rbasic_Day1.aux)
Package atveryend Info: Executing hook `AtVeryEndDocument' on input line 3404.
Package atveryend Info: Executing hook `AtEndAfterFileList' on input line 3404.

Package rerunfilecheck Info: File `Rbasic_Day1.out' has not changed.
(rerunfilecheck)             Checksum: 4472538EC86EAA87719F901F10FF32BD;522.


LaTeX Font Warning: Some font shapes were not available, defaults substituted.

Package atveryend Info: Empty hook `AtVeryVeryEnd' on input line 3404.
 ) 
Here is how much of TeX's memory you used:
 25557 strings out of 493089
 494953 string characters out of 6134843
 942513 words of memory out of 5000000
 27641 multiletter control sequences out of 15000+600000
 77640 words of font info for 170 fonts, out of 8000000 for 9000
 1141 hyphenation exceptions out of 8191
 74i,13n,103p,1713b,723s stack positions out of 5000i,500n,10000p,200000b,80000s
{/usr/local/texlive/2015/texmf-dist/fonts/enc/dvips/cm-super/cm-super-ts1.enc
}</usr/local/texlive/2015/texmf-dist/fonts/type1/public/amsfonts/cm/cmmi10.pfb>
</usr/local/texlive/2015/texmf-dist/fonts/type1/public/amsfonts/cm/cmsltt10.pfb
></usr/local/texlive/2015/texmf-dist/fonts/type1/public/amsfonts/cm/cmss10.pfb>
</usr/local/texlive/2015/texmf-dist/fonts/type1/public/amsfonts/cm/cmss12.pfb><
/usr/local/texlive/2015/texmf-dist/fonts/type1/public/amsfonts/cm/cmss17.pfb></
usr/local/texlive/2015/texmf-dist/fonts/type1/public/amsfonts/cm/cmss8.pfb></us
r/local/texlive/2015/texmf-dist/fonts/type1/public/amsfonts/cm/cmss9.pfb></usr/
local/texlive/2015/texmf-dist/fonts/type1/public/amsfonts/cm/cmssbx10.pfb></usr
/local/texlive/2015/texmf-dist/fonts/type1/public/amsfonts/cm/cmssi10.pfb></usr
/local/texlive/2015/texmf-dist/fonts/type1/public/amsfonts/cm/cmssi8.pfb></usr/
local/texlive/2015/texmf-dist/fonts/type1/public/amsfonts/cm/cmsy10.pfb></usr/l
ocal/texlive/2015/texmf-dist/fonts/type1/public/amsfonts/cm/cmtt10.pfb></usr/lo
cal/texlive/2015/texmf-dist/fonts/type1/public/amsfonts/cm/cmtt12.pfb></usr/loc
al/texlive/2015/texmf-dist/fonts/type1/public/amsfonts/cm/cmtt8.pfb></usr/local
/texlive/2015/texmf-dist/fonts/type1/public/amsfonts/cm/cmtt9.pfb></usr/local/t
exlive/2015/texmf-dist/fonts/type1/public/cm-super/sfrm0800.pfb></usr/local/tex
live/2015/texmf-dist/fonts/type1/public/cm-super/sfrm0900.pfb></usr/local/texli
ve/2015/texmf-dist/fonts/type1/public/cm-super/sfrm1000.pfb></usr/local/texlive
/2015/texmf-dist/fonts/type1/public/cm-super/sfrm1095.pfb></usr/local/texlive/2
015/texmf-dist/fonts/type1/public/cm-super/sfst0800.pfb>
Output written on Rbasic_Day1.pdf (181 pages, 2194895 bytes).
PDF statistics:
 1242 PDF objects out of 1440 (max. 8388607)
 978 compressed objects within 10 object streams
 372 named destinations out of 1000 (max. 500000)
 229 words of extra memory for PDF output out of 10000 (max. 10000000)

